<?xml version="1.0" encoding="UTF-8"?>
<testsuite name="guru.springframework.services.RecipeServiceIT" tests="1" skipped="0" failures="0" errors="0" timestamp="2018-05-14T22:09:52" hostname="ROB-PC" time="0.061">
  <properties/>
  <testcase name="testSaveOfDescription" classname="guru.springframework.services.RecipeServiceIT" time="0.061"/>
  <system-out><![CDATA[2018-05-14 18:09:50.126  INFO 5712 --- [    Test worker] o.s.t.c.support.AbstractContextLoader    : Could not detect default resource locations for test class [guru.springframework.services.RecipeServiceIT]: no resource found for suffixes {-context.xml, Context.groovy}.
2018-05-14 18:09:50.126  INFO 5712 --- [    Test worker] t.c.s.AnnotationConfigContextLoaderUtils : Could not detect default configuration classes for test class [guru.springframework.services.RecipeServiceIT]: RecipeServiceIT does not declare any static, non-private, non-final, nested classes annotated with @Configuration.

  .   ____          _            __ _ _
 /\\ / ___'_ __ _ _(_)_ __  __ _ \ \ \ \
( ( )\___ | '_ | '_| | '_ \/ _` | \ \ \ \
 \\/  ___)| |_)| | | | | || (_| |  ) ) ) )
  '  |____| .__|_| |_|_| |_\__, | / / / /
 =========|_|==============|___/=/_/_/_/
 :: Spring Boot ::        (v2.0.2.RELEASE)

2018-05-14 18:09:50.166 DEBUG 5712 --- [    Test worker] o.s.w.c.s.StandardServletEnvironment     : Adding PropertySource 'servletConfigInitParams' with lowest search precedence
2018-05-14 18:09:50.166 DEBUG 5712 --- [    Test worker] o.s.w.c.s.StandardServletEnvironment     : Adding PropertySource 'servletContextInitParams' with lowest search precedence
2018-05-14 18:09:50.180 DEBUG 5712 --- [    Test worker] o.s.w.c.s.StandardServletEnvironment     : Adding PropertySource 'systemProperties' with lowest search precedence
2018-05-14 18:09:50.180 DEBUG 5712 --- [    Test worker] o.s.w.c.s.StandardServletEnvironment     : Adding PropertySource 'systemEnvironment' with lowest search precedence
2018-05-14 18:09:50.180 DEBUG 5712 --- [    Test worker] o.s.w.c.s.StandardServletEnvironment     : Initialized StandardServletEnvironment with PropertySources [StubPropertySource {name='servletConfigInitParams'}, StubPropertySource {name='servletContextInitParams'}, MapPropertySource {name='systemProperties'}, SystemEnvironmentPropertySource {name='systemEnvironment'}]
2018-05-14 18:09:50.182  INFO 5712 --- [    Test worker] g.s.services.RecipeServiceIT             : Starting RecipeServiceIT on ROB-PC with PID 5712 (started by rjboy in D:\Udemy\Spring_Framework_5\eclipse_projects\recipe-app-eclipse-mongodb-gradle)
2018-05-14 18:09:50.183  INFO 5712 --- [    Test worker] g.s.services.RecipeServiceIT             : No active profile set, falling back to default profiles: default
2018-05-14 18:09:50.186  INFO 5712 --- [    Test worker] o.s.w.c.s.GenericWebApplicationContext   : Refreshing org.springframework.web.context.support.GenericWebApplicationContext@6d86967e: startup date [Mon May 14 18:09:50 EDT 2018]; root of context hierarchy
2018-05-14 18:09:50.187 DEBUG 5712 --- [    Test worker] o.s.w.c.s.GenericWebApplicationContext   : Bean factory for org.springframework.web.context.support.GenericWebApplicationContext@6d86967e: org.springframework.beans.factory.support.DefaultListableBeanFactory@680b5d8a: defining beans [org.springframework.boot.test.mock.mockito.MockitoPostProcessor$SpyPostProcessor,org.springframework.boot.test.mock.mockito.MockitoPostProcessor,org.springframework.context.annotation.internalConfigurationAnnotationProcessor,org.springframework.context.annotation.internalAutowiredAnnotationProcessor,org.springframework.context.annotation.internalRequiredAnnotationProcessor,org.springframework.context.annotation.internalCommonAnnotationProcessor,org.springframework.context.event.internalEventListenerProcessor,org.springframework.context.event.internalEventListenerFactory,spring5RecipeAppApplication]; root of factory hierarchy
2018-05-14 18:09:50.793 DEBUG 5712 --- [    Test worker] o.s.w.c.s.GenericWebApplicationContext   : Using MessageSource [org.springframework.context.support.ResourceBundleMessageSource: basenames=[messages]]
2018-05-14 18:09:50.793 DEBUG 5712 --- [    Test worker] o.s.w.c.s.GenericWebApplicationContext   : Unable to locate ApplicationEventMulticaster with name 'applicationEventMulticaster': using default [org.springframework.context.event.SimpleApplicationEventMulticaster@262e2412]
2018-05-14 18:09:51.149  INFO 5712 --- [    Test worker] d.f.embed.process.runtime.Executable     : start de.flapdoodle.embed.mongo.config.MongodConfigBuilder$ImmutableMongodConfig@d8ef401
2018-05-14 18:09:51.152  INFO 5712 --- [    Test worker] org.mongodb.driver.cluster               : Cluster created with settings {hosts=[localhost:57272], mode=MULTIPLE, requiredClusterType=UNKNOWN, serverSelectionTimeout='30000 ms', maxWaitQueueSize=500}
2018-05-14 18:09:51.152  INFO 5712 --- [    Test worker] org.mongodb.driver.cluster               : Adding discovered server localhost:57272 to client view of cluster
2018-05-14 18:09:51.156  INFO 5712 --- [localhost:57272] org.mongodb.driver.connection            : Opened connection [connectionId{localValue:3, serverValue:1}] to localhost:57272
2018-05-14 18:09:51.156  INFO 5712 --- [localhost:57272] org.mongodb.driver.cluster               : Monitor thread successfully connected to server with description ServerDescription{address=localhost:57272, type=STANDALONE, state=CONNECTED, ok=true, version=ServerVersion{versionList=[3, 2, 2]}, minWireVersion=0, maxWireVersion=4, maxDocumentSize=16777216, logicalSessionTimeoutMinutes=null, roundTripTimeNanos=372503}
2018-05-14 18:09:51.157  INFO 5712 --- [localhost:57272] org.mongodb.driver.cluster               : Discovered cluster type of STANDALONE
2018-05-14 18:09:51.557  INFO 5712 --- [    Test worker] o.s.w.s.handler.SimpleUrlHandlerMapping  : Mapped URL path [/**/favicon.ico] onto handler of type [class org.springframework.web.servlet.resource.ResourceHttpRequestHandler]
2018-05-14 18:09:51.853  INFO 5712 --- [    Test worker] s.w.s.m.m.a.RequestMappingHandlerAdapter : Looking for @ControllerAdvice: org.springframework.web.context.support.GenericWebApplicationContext@6d86967e: startup date [Mon May 14 18:09:50 EDT 2018]; root of context hierarchy
2018-05-14 18:09:51.868 DEBUG 5712 --- [    Test worker] s.w.s.m.m.a.RequestMappingHandlerMapping : Looking for request mappings in application context: org.springframework.web.context.support.GenericWebApplicationContext@6d86967e: startup date [Mon May 14 18:09:50 EDT 2018]; root of context hierarchy
2018-05-14 18:09:51.870 DEBUG 5712 --- [    Test worker] s.w.s.m.m.a.RequestMappingHandlerMapping : 3 request handler methods found on class guru.springframework.controllers.ImageController: {public java.lang.String guru.springframework.controllers.ImageController.showUploadForm(java.lang.String,org.springframework.ui.Model)={[/recipe/{id}/image],methods=[GET]}, public java.lang.String guru.springframework.controllers.ImageController.handleImagePost(java.lang.String,org.springframework.web.multipart.MultipartFile)={[/recipe/{id}/image],methods=[POST]}, public void guru.springframework.controllers.ImageController.renderImageFromDB(java.lang.String,javax.servlet.http.HttpServletResponse) throws java.io.IOException={[/recipe/{id}/recipeimage],methods=[GET]}}
2018-05-14 18:09:51.870  INFO 5712 --- [    Test worker] s.w.s.m.m.a.RequestMappingHandlerMapping : Mapped "{[/recipe/{id}/image],methods=[GET]}" onto public java.lang.String guru.springframework.controllers.ImageController.showUploadForm(java.lang.String,org.springframework.ui.Model)
2018-05-14 18:09:51.871  INFO 5712 --- [    Test worker] s.w.s.m.m.a.RequestMappingHandlerMapping : Mapped "{[/recipe/{id}/image],methods=[POST]}" onto public java.lang.String guru.springframework.controllers.ImageController.handleImagePost(java.lang.String,org.springframework.web.multipart.MultipartFile)
2018-05-14 18:09:51.871  INFO 5712 --- [    Test worker] s.w.s.m.m.a.RequestMappingHandlerMapping : Mapped "{[/recipe/{id}/recipeimage],methods=[GET]}" onto public void guru.springframework.controllers.ImageController.renderImageFromDB(java.lang.String,javax.servlet.http.HttpServletResponse) throws java.io.IOException
2018-05-14 18:09:51.871 DEBUG 5712 --- [    Test worker] s.w.s.m.m.a.RequestMappingHandlerMapping : 1 request handler methods found on class guru.springframework.controllers.IndexController: {public java.lang.String guru.springframework.controllers.IndexController.getIndexPage(org.springframework.ui.Model)={[ || / || /index]}}
2018-05-14 18:09:51.872  INFO 5712 --- [    Test worker] s.w.s.m.m.a.RequestMappingHandlerMapping : Mapped "{[ || / || /index]}" onto public java.lang.String guru.springframework.controllers.IndexController.getIndexPage(org.springframework.ui.Model)
2018-05-14 18:09:51.873 DEBUG 5712 --- [    Test worker] s.w.s.m.m.a.RequestMappingHandlerMapping : 6 request handler methods found on class guru.springframework.controllers.IngredientController: {public java.lang.String guru.springframework.controllers.IngredientController.newIngredient(java.lang.String,org.springframework.ui.Model)={[/recipe/{recipeId}/ingredient/new],methods=[GET]}, public java.lang.String guru.springframework.controllers.IngredientController.deleteIngredient(java.lang.String,java.lang.String)={[/recipe/{recipeId}/ingredient/{id}/delete],methods=[GET]}, public java.lang.String guru.springframework.controllers.IngredientController.saveOrUpdate(guru.springframework.commands.IngredientCommand)={[/recipe/{recipeId}/ingredient],methods=[POST]}, public java.lang.String guru.springframework.controllers.IngredientController.listIngredients(java.lang.String,org.springframework.ui.Model)={[/recipe/{recipeId}/ingredients],methods=[GET]}, public java.lang.String guru.springframework.controllers.IngredientController.showRecipeIngredient(java.lang.String,java.lang.String,org.springframework.ui.Model)={[/recipe/{recipeId}/ingredient/{id}/show],methods=[GET]}, public java.lang.String guru.springframework.controllers.IngredientController.updateRecipeIngredient(java.lang.String,java.lang.String,org.springframework.ui.Model)={[/recipe/{recipeId}/ingredient/{id}/update],methods=[GET]}}
2018-05-14 18:09:51.873  INFO 5712 --- [    Test worker] s.w.s.m.m.a.RequestMappingHandlerMapping : Mapped "{[/recipe/{recipeId}/ingredient/new],methods=[GET]}" onto public java.lang.String guru.springframework.controllers.IngredientController.newIngredient(java.lang.String,org.springframework.ui.Model)
2018-05-14 18:09:51.873  INFO 5712 --- [    Test worker] s.w.s.m.m.a.RequestMappingHandlerMapping : Mapped "{[/recipe/{recipeId}/ingredient/{id}/delete],methods=[GET]}" onto public java.lang.String guru.springframework.controllers.IngredientController.deleteIngredient(java.lang.String,java.lang.String)
2018-05-14 18:09:51.873  INFO 5712 --- [    Test worker] s.w.s.m.m.a.RequestMappingHandlerMapping : Mapped "{[/recipe/{recipeId}/ingredient],methods=[POST]}" onto public java.lang.String guru.springframework.controllers.IngredientController.saveOrUpdate(guru.springframework.commands.IngredientCommand)
2018-05-14 18:09:51.874  INFO 5712 --- [    Test worker] s.w.s.m.m.a.RequestMappingHandlerMapping : Mapped "{[/recipe/{recipeId}/ingredients],methods=[GET]}" onto public java.lang.String guru.springframework.controllers.IngredientController.listIngredients(java.lang.String,org.springframework.ui.Model)
2018-05-14 18:09:51.874  INFO 5712 --- [    Test worker] s.w.s.m.m.a.RequestMappingHandlerMapping : Mapped "{[/recipe/{recipeId}/ingredient/{id}/show],methods=[GET]}" onto public java.lang.String guru.springframework.controllers.IngredientController.showRecipeIngredient(java.lang.String,java.lang.String,org.springframework.ui.Model)
2018-05-14 18:09:51.874  INFO 5712 --- [    Test worker] s.w.s.m.m.a.RequestMappingHandlerMapping : Mapped "{[/recipe/{recipeId}/ingredient/{id}/update],methods=[GET]}" onto public java.lang.String guru.springframework.controllers.IngredientController.updateRecipeIngredient(java.lang.String,java.lang.String,org.springframework.ui.Model)
2018-05-14 18:09:51.875 DEBUG 5712 --- [    Test worker] s.w.s.m.m.a.RequestMappingHandlerMapping : 5 request handler methods found on class guru.springframework.controllers.RecipeController: {public java.lang.String guru.springframework.controllers.RecipeController.deleteById(java.lang.String)={[/recipe/{id}/delete],methods=[GET]}, public java.lang.String guru.springframework.controllers.RecipeController.updateRecipe(java.lang.String,org.springframework.ui.Model)={[/recipe/{id}/update],methods=[GET]}, public java.lang.String guru.springframework.controllers.RecipeController.showById(java.lang.String,org.springframework.ui.Model)={[/recipe/{id}/show],methods=[GET]}, public java.lang.String guru.springframework.controllers.RecipeController.newRecipe(org.springframework.ui.Model)={[/recipe/new],methods=[GET]}, public java.lang.String guru.springframework.controllers.RecipeController.saveOrUpdate(guru.springframework.commands.RecipeCommand,org.springframework.validation.BindingResult)={[/recipe],methods=[POST]}}
2018-05-14 18:09:51.876  INFO 5712 --- [    Test worker] s.w.s.m.m.a.RequestMappingHandlerMapping : Mapped "{[/recipe/{id}/delete],methods=[GET]}" onto public java.lang.String guru.springframework.controllers.RecipeController.deleteById(java.lang.String)
2018-05-14 18:09:51.876  INFO 5712 --- [    Test worker] s.w.s.m.m.a.RequestMappingHandlerMapping : Mapped "{[/recipe/{id}/update],methods=[GET]}" onto public java.lang.String guru.springframework.controllers.RecipeController.updateRecipe(java.lang.String,org.springframework.ui.Model)
2018-05-14 18:09:51.876  INFO 5712 --- [    Test worker] s.w.s.m.m.a.RequestMappingHandlerMapping : Mapped "{[/recipe/{id}/show],methods=[GET]}" onto public java.lang.String guru.springframework.controllers.RecipeController.showById(java.lang.String,org.springframework.ui.Model)
2018-05-14 18:09:51.876  INFO 5712 --- [    Test worker] s.w.s.m.m.a.RequestMappingHandlerMapping : Mapped "{[/recipe/new],methods=[GET]}" onto public java.lang.String guru.springframework.controllers.RecipeController.newRecipe(org.springframework.ui.Model)
2018-05-14 18:09:51.876  INFO 5712 --- [    Test worker] s.w.s.m.m.a.RequestMappingHandlerMapping : Mapped "{[/recipe],methods=[POST]}" onto public java.lang.String guru.springframework.controllers.RecipeController.saveOrUpdate(guru.springframework.commands.RecipeCommand,org.springframework.validation.BindingResult)
2018-05-14 18:09:51.879 DEBUG 5712 --- [    Test worker] s.w.s.m.m.a.RequestMappingHandlerMapping : 2 request handler methods found on class org.springframework.boot.autoconfigure.web.servlet.error.BasicErrorController: {public org.springframework.http.ResponseEntity org.springframework.boot.autoconfigure.web.servlet.error.BasicErrorController.error(javax.servlet.http.HttpServletRequest)={[/error]}, public org.springframework.web.servlet.ModelAndView org.springframework.boot.autoconfigure.web.servlet.error.BasicErrorController.errorHtml(javax.servlet.http.HttpServletRequest,javax.servlet.http.HttpServletResponse)={[/error],produces=[text/html]}}
2018-05-14 18:09:51.879  INFO 5712 --- [    Test worker] s.w.s.m.m.a.RequestMappingHandlerMapping : Mapped "{[/error]}" onto public org.springframework.http.ResponseEntity<java.util.Map<java.lang.String, java.lang.Object>> org.springframework.boot.autoconfigure.web.servlet.error.BasicErrorController.error(javax.servlet.http.HttpServletRequest)
2018-05-14 18:09:51.879  INFO 5712 --- [    Test worker] s.w.s.m.m.a.RequestMappingHandlerMapping : Mapped "{[/error],produces=[text/html]}" onto public org.springframework.web.servlet.ModelAndView org.springframework.boot.autoconfigure.web.servlet.error.BasicErrorController.errorHtml(javax.servlet.http.HttpServletRequest,javax.servlet.http.HttpServletResponse)
2018-05-14 18:09:51.895 DEBUG 5712 --- [    Test worker] o.s.w.s.h.BeanNameUrlHandlerMapping      : Looking for URL mappings in application context: org.springframework.web.context.support.GenericWebApplicationContext@6d86967e: startup date [Mon May 14 18:09:50 EDT 2018]; root of context hierarchy
2018-05-14 18:09:51.895 DEBUG 5712 --- [    Test worker] o.s.w.s.h.BeanNameUrlHandlerMapping      : Rejected bean name 'org.springframework.boot.test.mock.mockito.MockitoPostProcessor$SpyPostProcessor': no URL paths identified
2018-05-14 18:09:51.895 DEBUG 5712 --- [    Test worker] o.s.w.s.h.BeanNameUrlHandlerMapping      : Rejected bean name 'org.springframework.boot.test.mock.mockito.MockitoPostProcessor': no URL paths identified
2018-05-14 18:09:51.895 DEBUG 5712 --- [    Test worker] o.s.w.s.h.BeanNameUrlHandlerMapping      : Rejected bean name 'org.springframework.context.annotation.internalConfigurationAnnotationProcessor': no URL paths identified
2018-05-14 18:09:51.895 DEBUG 5712 --- [    Test worker] o.s.w.s.h.BeanNameUrlHandlerMapping      : Rejected bean name 'org.springframework.context.annotation.internalAutowiredAnnotationProcessor': no URL paths identified
2018-05-14 18:09:51.895 DEBUG 5712 --- [    Test worker] o.s.w.s.h.BeanNameUrlHandlerMapping      : Rejected bean name 'org.springframework.context.annotation.internalRequiredAnnotationProcessor': no URL paths identified
2018-05-14 18:09:51.895 DEBUG 5712 --- [    Test worker] o.s.w.s.h.BeanNameUrlHandlerMapping      : Rejected bean name 'org.springframework.context.annotation.internalCommonAnnotationProcessor': no URL paths identified
2018-05-14 18:09:51.895 DEBUG 5712 --- [    Test worker] o.s.w.s.h.BeanNameUrlHandlerMapping      : Rejected bean name 'org.springframework.context.event.internalEventListenerProcessor': no URL paths identified
2018-05-14 18:09:51.895 DEBUG 5712 --- [    Test worker] o.s.w.s.h.BeanNameUrlHandlerMapping      : Rejected bean name 'org.springframework.context.event.internalEventListenerFactory': no URL paths identified
2018-05-14 18:09:51.896 DEBUG 5712 --- [    Test worker] o.s.w.s.h.BeanNameUrlHandlerMapping      : Rejected bean name 'spring5RecipeAppApplication': no URL paths identified
2018-05-14 18:09:51.896 DEBUG 5712 --- [    Test worker] o.s.w.s.h.BeanNameUrlHandlerMapping      : Rejected bean name 'org.springframework.boot.autoconfigure.internalCachingMetadataReaderFactory': no URL paths identified
2018-05-14 18:09:51.896 DEBUG 5712 --- [    Test worker] o.s.w.s.h.BeanNameUrlHandlerMapping      : Rejected bean name 'recipeBootstrap': no URL paths identified
2018-05-14 18:09:51.896 DEBUG 5712 --- [    Test worker] o.s.w.s.h.BeanNameUrlHandlerMapping      : Rejected bean name 'controllerExceptionHandler': no URL paths identified
2018-05-14 18:09:51.896 DEBUG 5712 --- [    Test worker] o.s.w.s.h.BeanNameUrlHandlerMapping      : Rejected bean name 'imageController': no URL paths identified
2018-05-14 18:09:51.896 DEBUG 5712 --- [    Test worker] o.s.w.s.h.BeanNameUrlHandlerMapping      : Rejected bean name 'indexController': no URL paths identified
2018-05-14 18:09:51.896 DEBUG 5712 --- [    Test worker] o.s.w.s.h.BeanNameUrlHandlerMapping      : Rejected bean name 'ingredientController': no URL paths identified
2018-05-14 18:09:51.896 DEBUG 5712 --- [    Test worker] o.s.w.s.h.BeanNameUrlHandlerMapping      : Rejected bean name 'recipeController': no URL paths identified
2018-05-14 18:09:51.896 DEBUG 5712 --- [    Test worker] o.s.w.s.h.BeanNameUrlHandlerMapping      : Rejected bean name 'categoryCommandToCategory': no URL paths identified
2018-05-14 18:09:51.896 DEBUG 5712 --- [    Test worker] o.s.w.s.h.BeanNameUrlHandlerMapping      : Rejected bean name 'categoryToCategoryCommand': no URL paths identified
2018-05-14 18:09:51.896 DEBUG 5712 --- [    Test worker] o.s.w.s.h.BeanNameUrlHandlerMapping      : Rejected bean name 'ingredientCommandToIngredient': no URL paths identified
2018-05-14 18:09:51.896 DEBUG 5712 --- [    Test worker] o.s.w.s.h.BeanNameUrlHandlerMapping      : Rejected bean name 'ingredientToIngredientCommand': no URL paths identified
2018-05-14 18:09:51.896 DEBUG 5712 --- [    Test worker] o.s.w.s.h.BeanNameUrlHandlerMapping      : Rejected bean name 'notesCommandToNotes': no URL paths identified
2018-05-14 18:09:51.896 DEBUG 5712 --- [    Test worker] o.s.w.s.h.BeanNameUrlHandlerMapping      : Rejected bean name 'notesToNotesCommand': no URL paths identified
2018-05-14 18:09:51.896 DEBUG 5712 --- [    Test worker] o.s.w.s.h.BeanNameUrlHandlerMapping      : Rejected bean name 'recipeCommandToRecipe': no URL paths identified
2018-05-14 18:09:51.896 DEBUG 5712 --- [    Test worker] o.s.w.s.h.BeanNameUrlHandlerMapping      : Rejected bean name 'recipeToRecipeCommand': no URL paths identified
2018-05-14 18:09:51.896 DEBUG 5712 --- [    Test worker] o.s.w.s.h.BeanNameUrlHandlerMapping      : Rejected bean name 'unitOfMeasureCommandToUnitOfMeasure': no URL paths identified
2018-05-14 18:09:51.896 DEBUG 5712 --- [    Test worker] o.s.w.s.h.BeanNameUrlHandlerMapping      : Rejected bean name 'unitOfMeasureToUnitOfMeasureCommand': no URL paths identified
2018-05-14 18:09:51.896 DEBUG 5712 --- [    Test worker] o.s.w.s.h.BeanNameUrlHandlerMapping      : Rejected bean name 'imageServiceImpl': no URL paths identified
2018-05-14 18:09:51.896 DEBUG 5712 --- [    Test worker] o.s.w.s.h.BeanNameUrlHandlerMapping      : Rejected bean name 'ingredientServiceImpl': no URL paths identified
2018-05-14 18:09:51.897 DEBUG 5712 --- [    Test worker] o.s.w.s.h.BeanNameUrlHandlerMapping      : Rejected bean name 'recipeServiceImpl': no URL paths identified
2018-05-14 18:09:51.897 DEBUG 5712 --- [    Test worker] o.s.w.s.h.BeanNameUrlHandlerMapping      : Rejected bean name 'unitOfMeasureServiceImpl': no URL paths identified
2018-05-14 18:09:51.897 DEBUG 5712 --- [    Test worker] o.s.w.s.h.BeanNameUrlHandlerMapping      : Rejected bean name 'org.springframework.boot.autoconfigure.AutoConfigurationPackages': no URL paths identified
2018-05-14 18:09:51.897 DEBUG 5712 --- [    Test worker] o.s.w.s.h.BeanNameUrlHandlerMapping      : Rejected bean name 'org.springframework.boot.autoconfigure.condition.BeanTypeRegistry': no URL paths identified
2018-05-14 18:09:51.897 DEBUG 5712 --- [    Test worker] o.s.w.s.h.BeanNameUrlHandlerMapping      : Rejected bean name 'org.springframework.boot.autoconfigure.context.MessageSourceAutoConfiguration': no URL paths identified
2018-05-14 18:09:51.897 DEBUG 5712 --- [    Test worker] o.s.w.s.h.BeanNameUrlHandlerMapping      : Rejected bean name 'messageSourceProperties': no URL paths identified
2018-05-14 18:09:51.897 DEBUG 5712 --- [    Test worker] o.s.w.s.h.BeanNameUrlHandlerMapping      : Rejected bean name 'messageSource': no URL paths identified
2018-05-14 18:09:51.897 DEBUG 5712 --- [    Test worker] o.s.w.s.h.BeanNameUrlHandlerMapping      : Rejected bean name 'org.springframework.boot.context.properties.ConfigurationPropertiesBindingPostProcessor': no URL paths identified
2018-05-14 18:09:51.897 DEBUG 5712 --- [    Test worker] o.s.w.s.h.BeanNameUrlHandlerMapping      : Rejected bean name 'org.springframework.boot.context.properties.ConfigurationBeanFactoryMetadata': no URL paths identified
2018-05-14 18:09:51.897 DEBUG 5712 --- [    Test worker] o.s.w.s.h.BeanNameUrlHandlerMapping      : Rejected bean name 'org.springframework.boot.autoconfigure.context.PropertyPlaceholderAutoConfiguration': no URL paths identified
2018-05-14 18:09:51.897 DEBUG 5712 --- [    Test worker] o.s.w.s.h.BeanNameUrlHandlerMapping      : Rejected bean name 'propertySourcesPlaceholderConfigurer': no URL paths identified
2018-05-14 18:09:51.897 DEBUG 5712 --- [    Test worker] o.s.w.s.h.BeanNameUrlHandlerMapping      : Rejected bean name 'org.springframework.boot.autoconfigure.websocket.servlet.WebSocketServletAutoConfiguration$TomcatWebSocketConfiguration': no URL paths identified
2018-05-14 18:09:51.897 DEBUG 5712 --- [    Test worker] o.s.w.s.h.BeanNameUrlHandlerMapping      : Rejected bean name 'websocketContainerCustomizer': no URL paths identified
2018-05-14 18:09:51.897 DEBUG 5712 --- [    Test worker] o.s.w.s.h.BeanNameUrlHandlerMapping      : Rejected bean name 'org.springframework.boot.autoconfigure.websocket.servlet.WebSocketServletAutoConfiguration': no URL paths identified
2018-05-14 18:09:51.897 DEBUG 5712 --- [    Test worker] o.s.w.s.h.BeanNameUrlHandlerMapping      : Rejected bean name 'org.springframework.boot.autoconfigure.web.servlet.ServletWebServerFactoryConfiguration$EmbeddedTomcat': no URL paths identified
2018-05-14 18:09:51.897 DEBUG 5712 --- [    Test worker] o.s.w.s.h.BeanNameUrlHandlerMapping      : Rejected bean name 'tomcatServletWebServerFactory': no URL paths identified
2018-05-14 18:09:51.897 DEBUG 5712 --- [    Test worker] o.s.w.s.h.BeanNameUrlHandlerMapping      : Rejected bean name 'org.springframework.boot.autoconfigure.web.servlet.ServletWebServerFactoryAutoConfiguration': no URL paths identified
2018-05-14 18:09:51.897 DEBUG 5712 --- [    Test worker] o.s.w.s.h.BeanNameUrlHandlerMapping      : Rejected bean name 'servletWebServerFactoryCustomizer': no URL paths identified
2018-05-14 18:09:51.897 DEBUG 5712 --- [    Test worker] o.s.w.s.h.BeanNameUrlHandlerMapping      : Rejected bean name 'tomcatServletWebServerFactoryCustomizer': no URL paths identified
2018-05-14 18:09:51.897 DEBUG 5712 --- [    Test worker] o.s.w.s.h.BeanNameUrlHandlerMapping      : Rejected bean name 'server-org.springframework.boot.autoconfigure.web.ServerProperties': no URL paths identified
2018-05-14 18:09:51.898 DEBUG 5712 --- [    Test worker] o.s.w.s.h.BeanNameUrlHandlerMapping      : Rejected bean name 'webServerFactoryCustomizerBeanPostProcessor': no URL paths identified
2018-05-14 18:09:51.898 DEBUG 5712 --- [    Test worker] o.s.w.s.h.BeanNameUrlHandlerMapping      : Rejected bean name 'errorPageRegistrarBeanPostProcessor': no URL paths identified
2018-05-14 18:09:51.898 DEBUG 5712 --- [    Test worker] o.s.w.s.h.BeanNameUrlHandlerMapping      : Rejected bean name 'org.springframework.boot.autoconfigure.web.servlet.DispatcherServletAutoConfiguration$DispatcherServletConfiguration': no URL paths identified
2018-05-14 18:09:51.898 DEBUG 5712 --- [    Test worker] o.s.w.s.h.BeanNameUrlHandlerMapping      : Rejected bean name 'dispatcherServlet': no URL paths identified
2018-05-14 18:09:51.898 DEBUG 5712 --- [    Test worker] o.s.w.s.h.BeanNameUrlHandlerMapping      : Rejected bean name 'mainDispatcherServletPathProvider': no URL paths identified
2018-05-14 18:09:51.898 DEBUG 5712 --- [    Test worker] o.s.w.s.h.BeanNameUrlHandlerMapping      : Rejected bean name 'spring.mvc-org.springframework.boot.autoconfigure.web.servlet.WebMvcProperties': no URL paths identified
2018-05-14 18:09:51.898 DEBUG 5712 --- [    Test worker] o.s.w.s.h.BeanNameUrlHandlerMapping      : Rejected bean name 'org.springframework.boot.autoconfigure.web.servlet.DispatcherServletAutoConfiguration$DispatcherServletRegistrationConfiguration': no URL paths identified
2018-05-14 18:09:51.898 DEBUG 5712 --- [    Test worker] o.s.w.s.h.BeanNameUrlHandlerMapping      : Rejected bean name 'dispatcherServletRegistration': no URL paths identified
2018-05-14 18:09:51.898 DEBUG 5712 --- [    Test worker] o.s.w.s.h.BeanNameUrlHandlerMapping      : Rejected bean name 'org.springframework.boot.autoconfigure.web.servlet.DispatcherServletAutoConfiguration': no URL paths identified
2018-05-14 18:09:51.898 DEBUG 5712 --- [    Test worker] o.s.w.s.h.BeanNameUrlHandlerMapping      : Rejected bean name 'org.springframework.boot.autoconfigure.validation.ValidationAutoConfiguration': no URL paths identified
2018-05-14 18:09:51.898 DEBUG 5712 --- [    Test worker] o.s.w.s.h.BeanNameUrlHandlerMapping      : Rejected bean name 'defaultValidator': no URL paths identified
2018-05-14 18:09:51.898 DEBUG 5712 --- [    Test worker] o.s.w.s.h.BeanNameUrlHandlerMapping      : Rejected bean name 'methodValidationPostProcessor': no URL paths identified
2018-05-14 18:09:51.898 DEBUG 5712 --- [    Test worker] o.s.w.s.h.BeanNameUrlHandlerMapping      : Rejected bean name 'org.springframework.boot.autoconfigure.web.servlet.error.ErrorMvcAutoConfiguration$WhitelabelErrorViewConfiguration': no URL paths identified
2018-05-14 18:09:51.898 DEBUG 5712 --- [    Test worker] o.s.w.s.h.BeanNameUrlHandlerMapping      : Rejected bean name 'error': no URL paths identified
2018-05-14 18:09:51.898 DEBUG 5712 --- [    Test worker] o.s.w.s.h.BeanNameUrlHandlerMapping      : Rejected bean name 'beanNameViewResolver': no URL paths identified
2018-05-14 18:09:51.898 DEBUG 5712 --- [    Test worker] o.s.w.s.h.BeanNameUrlHandlerMapping      : Rejected bean name 'org.springframework.boot.autoconfigure.web.servlet.error.ErrorMvcAutoConfiguration$DefaultErrorViewResolverConfiguration': no URL paths identified
2018-05-14 18:09:51.898 DEBUG 5712 --- [    Test worker] o.s.w.s.h.BeanNameUrlHandlerMapping      : Rejected bean name 'conventionErrorViewResolver': no URL paths identified
2018-05-14 18:09:51.898 DEBUG 5712 --- [    Test worker] o.s.w.s.h.BeanNameUrlHandlerMapping      : Rejected bean name 'org.springframework.boot.autoconfigure.web.servlet.error.ErrorMvcAutoConfiguration': no URL paths identified
2018-05-14 18:09:51.898 DEBUG 5712 --- [    Test worker] o.s.w.s.h.BeanNameUrlHandlerMapping      : Rejected bean name 'errorAttributes': no URL paths identified
2018-05-14 18:09:51.898 DEBUG 5712 --- [    Test worker] o.s.w.s.h.BeanNameUrlHandlerMapping      : Rejected bean name 'basicErrorController': no URL paths identified
2018-05-14 18:09:51.898 DEBUG 5712 --- [    Test worker] o.s.w.s.h.BeanNameUrlHandlerMapping      : Rejected bean name 'errorPageCustomizer': no URL paths identified
2018-05-14 18:09:51.898 DEBUG 5712 --- [    Test worker] o.s.w.s.h.BeanNameUrlHandlerMapping      : Rejected bean name 'preserveErrorControllerTargetClassPostProcessor': no URL paths identified
2018-05-14 18:09:51.899 DEBUG 5712 --- [    Test worker] o.s.w.s.h.BeanNameUrlHandlerMapping      : Rejected bean name 'spring.resources-org.springframework.boot.autoconfigure.web.ResourceProperties': no URL paths identified
2018-05-14 18:09:51.899 DEBUG 5712 --- [    Test worker] o.s.w.s.h.BeanNameUrlHandlerMapping      : Rejected bean name 'org.springframework.boot.autoconfigure.web.servlet.WebMvcAutoConfiguration$WebMvcAutoConfigurationAdapter$FaviconConfiguration': no URL paths identified
2018-05-14 18:09:51.899 DEBUG 5712 --- [    Test worker] o.s.w.s.h.BeanNameUrlHandlerMapping      : Rejected bean name 'faviconHandlerMapping': no URL paths identified
2018-05-14 18:09:51.899 DEBUG 5712 --- [    Test worker] o.s.w.s.h.BeanNameUrlHandlerMapping      : Rejected bean name 'faviconRequestHandler': no URL paths identified
2018-05-14 18:09:51.899 DEBUG 5712 --- [    Test worker] o.s.w.s.h.BeanNameUrlHandlerMapping      : Rejected bean name 'org.springframework.boot.autoconfigure.web.servlet.WebMvcAutoConfiguration$EnableWebMvcConfiguration': no URL paths identified
2018-05-14 18:09:51.899 DEBUG 5712 --- [    Test worker] o.s.w.s.h.BeanNameUrlHandlerMapping      : Rejected bean name 'requestMappingHandlerAdapter': no URL paths identified
2018-05-14 18:09:51.899 DEBUG 5712 --- [    Test worker] o.s.w.s.h.BeanNameUrlHandlerMapping      : Rejected bean name 'requestMappingHandlerMapping': no URL paths identified
2018-05-14 18:09:51.899 DEBUG 5712 --- [    Test worker] o.s.w.s.h.BeanNameUrlHandlerMapping      : Rejected bean name 'mvcConversionService': no URL paths identified
2018-05-14 18:09:51.899 DEBUG 5712 --- [    Test worker] o.s.w.s.h.BeanNameUrlHandlerMapping      : Rejected bean name 'mvcValidator': no URL paths identified
2018-05-14 18:09:51.899 DEBUG 5712 --- [    Test worker] o.s.w.s.h.BeanNameUrlHandlerMapping      : Rejected bean name 'mvcContentNegotiationManager': no URL paths identified
2018-05-14 18:09:51.899 DEBUG 5712 --- [    Test worker] o.s.w.s.h.BeanNameUrlHandlerMapping      : Rejected bean name 'mvcPathMatcher': no URL paths identified
2018-05-14 18:09:51.899 DEBUG 5712 --- [    Test worker] o.s.w.s.h.BeanNameUrlHandlerMapping      : Rejected bean name 'mvcUrlPathHelper': no URL paths identified
2018-05-14 18:09:51.899 DEBUG 5712 --- [    Test worker] o.s.w.s.h.BeanNameUrlHandlerMapping      : Rejected bean name 'viewControllerHandlerMapping': no URL paths identified
2018-05-14 18:09:51.899 DEBUG 5712 --- [    Test worker] o.s.w.s.h.BeanNameUrlHandlerMapping      : Rejected bean name 'beanNameHandlerMapping': no URL paths identified
2018-05-14 18:09:51.899 DEBUG 5712 --- [    Test worker] o.s.w.s.h.BeanNameUrlHandlerMapping      : Rejected bean name 'resourceHandlerMapping': no URL paths identified
2018-05-14 18:09:51.899 DEBUG 5712 --- [    Test worker] o.s.w.s.h.BeanNameUrlHandlerMapping      : Rejected bean name 'mvcResourceUrlProvider': no URL paths identified
2018-05-14 18:09:51.900 DEBUG 5712 --- [    Test worker] o.s.w.s.h.BeanNameUrlHandlerMapping      : Rejected bean name 'defaultServletHandlerMapping': no URL paths identified
2018-05-14 18:09:51.900 DEBUG 5712 --- [    Test worker] o.s.w.s.h.BeanNameUrlHandlerMapping      : Rejected bean name 'mvcUriComponentsContributor': no URL paths identified
2018-05-14 18:09:51.900 DEBUG 5712 --- [    Test worker] o.s.w.s.h.BeanNameUrlHandlerMapping      : Rejected bean name 'httpRequestHandlerAdapter': no URL paths identified
2018-05-14 18:09:51.900 DEBUG 5712 --- [    Test worker] o.s.w.s.h.BeanNameUrlHandlerMapping      : Rejected bean name 'simpleControllerHandlerAdapter': no URL paths identified
2018-05-14 18:09:51.900 DEBUG 5712 --- [    Test worker] o.s.w.s.h.BeanNameUrlHandlerMapping      : Rejected bean name 'handlerExceptionResolver': no URL paths identified
2018-05-14 18:09:51.900 DEBUG 5712 --- [    Test worker] o.s.w.s.h.BeanNameUrlHandlerMapping      : Rejected bean name 'mvcViewResolver': no URL paths identified
2018-05-14 18:09:51.900 DEBUG 5712 --- [    Test worker] o.s.w.s.h.BeanNameUrlHandlerMapping      : Rejected bean name 'mvcHandlerMappingIntrospector': no URL paths identified
2018-05-14 18:09:51.900 DEBUG 5712 --- [    Test worker] o.s.w.s.h.BeanNameUrlHandlerMapping      : Rejected bean name 'org.springframework.boot.autoconfigure.web.servlet.WebMvcAutoConfiguration$WebMvcAutoConfigurationAdapter': no URL paths identified
2018-05-14 18:09:51.900 DEBUG 5712 --- [    Test worker] o.s.w.s.h.BeanNameUrlHandlerMapping      : Rejected bean name 'defaultViewResolver': no URL paths identified
2018-05-14 18:09:51.900 DEBUG 5712 --- [    Test worker] o.s.w.s.h.BeanNameUrlHandlerMapping      : Rejected bean name 'viewResolver': no URL paths identified
2018-05-14 18:09:51.900 DEBUG 5712 --- [    Test worker] o.s.w.s.h.BeanNameUrlHandlerMapping      : Rejected bean name 'welcomePageHandlerMapping': no URL paths identified
2018-05-14 18:09:51.900 DEBUG 5712 --- [    Test worker] o.s.w.s.h.BeanNameUrlHandlerMapping      : Rejected bean name 'requestContextFilter': no URL paths identified
2018-05-14 18:09:51.900 DEBUG 5712 --- [    Test worker] o.s.w.s.h.BeanNameUrlHandlerMapping      : Rejected bean name 'org.springframework.boot.autoconfigure.web.servlet.WebMvcAutoConfiguration': no URL paths identified
2018-05-14 18:09:51.900 DEBUG 5712 --- [    Test worker] o.s.w.s.h.BeanNameUrlHandlerMapping      : Rejected bean name 'hiddenHttpMethodFilter': no URL paths identified
2018-05-14 18:09:51.900 DEBUG 5712 --- [    Test worker] o.s.w.s.h.BeanNameUrlHandlerMapping      : Rejected bean name 'httpPutFormContentFilter': no URL paths identified
2018-05-14 18:09:51.900 DEBUG 5712 --- [    Test worker] o.s.w.s.h.BeanNameUrlHandlerMapping      : Rejected bean name 'org.springframework.boot.autoconfigure.context.ConfigurationPropertiesAutoConfiguration': no URL paths identified
2018-05-14 18:09:51.900 DEBUG 5712 --- [    Test worker] o.s.w.s.h.BeanNameUrlHandlerMapping      : Rejected bean name 'org.springframework.boot.autoconfigure.dao.PersistenceExceptionTranslationAutoConfiguration': no URL paths identified
2018-05-14 18:09:51.900 DEBUG 5712 --- [    Test worker] o.s.w.s.h.BeanNameUrlHandlerMapping      : Rejected bean name 'persistenceExceptionTranslationPostProcessor': no URL paths identified
2018-05-14 18:09:51.900 DEBUG 5712 --- [    Test worker] o.s.w.s.h.BeanNameUrlHandlerMapping      : Rejected bean name 'org.springframework.boot.autoconfigure.mongo.embedded.EmbeddedMongoAutoConfiguration$EmbeddedMongoDependencyConfiguration': no URL paths identified
2018-05-14 18:09:51.900 DEBUG 5712 --- [    Test worker] o.s.w.s.h.BeanNameUrlHandlerMapping      : Rejected bean name 'org.springframework.boot.autoconfigure.mongo.embedded.EmbeddedMongoAutoConfiguration$RuntimeConfigConfiguration': no URL paths identified
2018-05-14 18:09:51.900 DEBUG 5712 --- [    Test worker] o.s.w.s.h.BeanNameUrlHandlerMapping      : Rejected bean name 'embeddedMongoRuntimeConfig': no URL paths identified
2018-05-14 18:09:51.900 DEBUG 5712 --- [    Test worker] o.s.w.s.h.BeanNameUrlHandlerMapping      : Rejected bean name 'org.springframework.boot.autoconfigure.mongo.embedded.EmbeddedMongoAutoConfiguration': no URL paths identified
2018-05-14 18:09:51.900 DEBUG 5712 --- [    Test worker] o.s.w.s.h.BeanNameUrlHandlerMapping      : Rejected bean name 'embeddedMongoServer': no URL paths identified
2018-05-14 18:09:51.900 DEBUG 5712 --- [    Test worker] o.s.w.s.h.BeanNameUrlHandlerMapping      : Rejected bean name 'embeddedMongoConfiguration': no URL paths identified
2018-05-14 18:09:51.901 DEBUG 5712 --- [    Test worker] o.s.w.s.h.BeanNameUrlHandlerMapping      : Rejected bean name 'spring.data.mongodb-org.springframework.boot.autoconfigure.mongo.MongoProperties': no URL paths identified
2018-05-14 18:09:51.901 DEBUG 5712 --- [    Test worker] o.s.w.s.h.BeanNameUrlHandlerMapping      : Rejected bean name 'spring.mongodb.embedded-org.springframework.boot.autoconfigure.mongo.embedded.EmbeddedMongoProperties': no URL paths identified
2018-05-14 18:09:51.901 DEBUG 5712 --- [    Test worker] o.s.w.s.h.BeanNameUrlHandlerMapping      : Rejected bean name 'org.springframework.boot.autoconfigure.mongo.MongoAutoConfiguration': no URL paths identified
2018-05-14 18:09:51.901 DEBUG 5712 --- [    Test worker] o.s.w.s.h.BeanNameUrlHandlerMapping      : Rejected bean name 'mongo': no URL paths identified
2018-05-14 18:09:51.901 DEBUG 5712 --- [    Test worker] o.s.w.s.h.BeanNameUrlHandlerMapping      : Rejected bean name 'org.springframework.boot.autoconfigure.data.mongo.MongoDataAutoConfiguration': no URL paths identified
2018-05-14 18:09:51.901 DEBUG 5712 --- [    Test worker] o.s.w.s.h.BeanNameUrlHandlerMapping      : Rejected bean name 'mongoDbFactory': no URL paths identified
2018-05-14 18:09:51.901 DEBUG 5712 --- [    Test worker] o.s.w.s.h.BeanNameUrlHandlerMapping      : Rejected bean name 'mongoTemplate': no URL paths identified
2018-05-14 18:09:51.901 DEBUG 5712 --- [    Test worker] o.s.w.s.h.BeanNameUrlHandlerMapping      : Rejected bean name 'mappingMongoConverter': no URL paths identified
2018-05-14 18:09:51.901 DEBUG 5712 --- [    Test worker] o.s.w.s.h.BeanNameUrlHandlerMapping      : Rejected bean name 'mongoMappingContext': no URL paths identified
2018-05-14 18:09:51.901 DEBUG 5712 --- [    Test worker] o.s.w.s.h.BeanNameUrlHandlerMapping      : Rejected bean name 'gridFsTemplate': no URL paths identified
2018-05-14 18:09:51.901 DEBUG 5712 --- [    Test worker] o.s.w.s.h.BeanNameUrlHandlerMapping      : Rejected bean name 'mongoCustomConversions': no URL paths identified
2018-05-14 18:09:51.901 DEBUG 5712 --- [    Test worker] o.s.w.s.h.BeanNameUrlHandlerMapping      : Rejected bean name 'org.springframework.boot.autoconfigure.data.mongo.MongoRepositoriesAutoConfiguration': no URL paths identified
2018-05-14 18:09:51.901 DEBUG 5712 --- [    Test worker] o.s.w.s.h.BeanNameUrlHandlerMapping      : Rejected bean name 'categoryRepository': no URL paths identified
2018-05-14 18:09:51.901 DEBUG 5712 --- [    Test worker] o.s.w.s.h.BeanNameUrlHandlerMapping      : Rejected bean name 'recipeRepository': no URL paths identified
2018-05-14 18:09:51.901 DEBUG 5712 --- [    Test worker] o.s.w.s.h.BeanNameUrlHandlerMapping      : Rejected bean name 'unitOfMeasureRepository': no URL paths identified
2018-05-14 18:09:51.901 DEBUG 5712 --- [    Test worker] o.s.w.s.h.BeanNameUrlHandlerMapping      : Rejected bean name 'org.springframework.boot.autoconfigure.jackson.JacksonAutoConfiguration$Jackson2ObjectMapperBuilderCustomizerConfiguration': no URL paths identified
2018-05-14 18:09:51.901 DEBUG 5712 --- [    Test worker] o.s.w.s.h.BeanNameUrlHandlerMapping      : Rejected bean name 'standardJacksonObjectMapperBuilderCustomizer': no URL paths identified
2018-05-14 18:09:51.901 DEBUG 5712 --- [    Test worker] o.s.w.s.h.BeanNameUrlHandlerMapping      : Rejected bean name 'spring.jackson-org.springframework.boot.autoconfigure.jackson.JacksonProperties': no URL paths identified
2018-05-14 18:09:51.901 DEBUG 5712 --- [    Test worker] o.s.w.s.h.BeanNameUrlHandlerMapping      : Rejected bean name 'org.springframework.boot.autoconfigure.jackson.JacksonAutoConfiguration$JacksonObjectMapperBuilderConfiguration': no URL paths identified
2018-05-14 18:09:51.901 DEBUG 5712 --- [    Test worker] o.s.w.s.h.BeanNameUrlHandlerMapping      : Rejected bean name 'jacksonObjectMapperBuilder': no URL paths identified
2018-05-14 18:09:51.901 DEBUG 5712 --- [    Test worker] o.s.w.s.h.BeanNameUrlHandlerMapping      : Rejected bean name 'org.springframework.boot.autoconfigure.jackson.JacksonAutoConfiguration$ParameterNamesModuleConfiguration': no URL paths identified
2018-05-14 18:09:51.901 DEBUG 5712 --- [    Test worker] o.s.w.s.h.BeanNameUrlHandlerMapping      : Rejected bean name 'parameterNamesModule': no URL paths identified
2018-05-14 18:09:51.901 DEBUG 5712 --- [    Test worker] o.s.w.s.h.BeanNameUrlHandlerMapping      : Rejected bean name 'org.springframework.boot.autoconfigure.jackson.JacksonAutoConfiguration$JacksonObjectMapperConfiguration': no URL paths identified
2018-05-14 18:09:51.901 DEBUG 5712 --- [    Test worker] o.s.w.s.h.BeanNameUrlHandlerMapping      : Rejected bean name 'jacksonObjectMapper': no URL paths identified
2018-05-14 18:09:51.902 DEBUG 5712 --- [    Test worker] o.s.w.s.h.BeanNameUrlHandlerMapping      : Rejected bean name 'org.springframework.boot.autoconfigure.jackson.JacksonAutoConfiguration': no URL paths identified
2018-05-14 18:09:51.902 DEBUG 5712 --- [    Test worker] o.s.w.s.h.BeanNameUrlHandlerMapping      : Rejected bean name 'jsonComponentModule': no URL paths identified
2018-05-14 18:09:51.902 DEBUG 5712 --- [    Test worker] o.s.w.s.h.BeanNameUrlHandlerMapping      : Rejected bean name 'org.springframework.boot.autoconfigure.http.HttpMessageConvertersAutoConfiguration$StringHttpMessageConverterConfiguration': no URL paths identified
2018-05-14 18:09:51.902 DEBUG 5712 --- [    Test worker] o.s.w.s.h.BeanNameUrlHandlerMapping      : Rejected bean name 'stringHttpMessageConverter': no URL paths identified
2018-05-14 18:09:51.902 DEBUG 5712 --- [    Test worker] o.s.w.s.h.BeanNameUrlHandlerMapping      : Rejected bean name 'spring.http.encoding-org.springframework.boot.autoconfigure.http.HttpEncodingProperties': no URL paths identified
2018-05-14 18:09:51.902 DEBUG 5712 --- [    Test worker] o.s.w.s.h.BeanNameUrlHandlerMapping      : Rejected bean name 'org.springframework.boot.autoconfigure.http.JacksonHttpMessageConvertersConfiguration$MappingJackson2HttpMessageConverterConfiguration': no URL paths identified
2018-05-14 18:09:51.902 DEBUG 5712 --- [    Test worker] o.s.w.s.h.BeanNameUrlHandlerMapping      : Rejected bean name 'mappingJackson2HttpMessageConverter': no URL paths identified
2018-05-14 18:09:51.902 DEBUG 5712 --- [    Test worker] o.s.w.s.h.BeanNameUrlHandlerMapping      : Rejected bean name 'org.springframework.boot.autoconfigure.http.JacksonHttpMessageConvertersConfiguration': no URL paths identified
2018-05-14 18:09:51.902 DEBUG 5712 --- [    Test worker] o.s.w.s.h.BeanNameUrlHandlerMapping      : Rejected bean name 'org.springframework.boot.autoconfigure.http.HttpMessageConvertersAutoConfiguration': no URL paths identified
2018-05-14 18:09:51.902 DEBUG 5712 --- [    Test worker] o.s.w.s.h.BeanNameUrlHandlerMapping      : Rejected bean name 'messageConverters': no URL paths identified
2018-05-14 18:09:51.902 DEBUG 5712 --- [    Test worker] o.s.w.s.h.BeanNameUrlHandlerMapping      : Rejected bean name 'org.springframework.data.web.config.ProjectingArgumentResolverRegistrar': no URL paths identified
2018-05-14 18:09:51.902 DEBUG 5712 --- [    Test worker] o.s.w.s.h.BeanNameUrlHandlerMapping      : Rejected bean name 'projectingArgumentResolverBeanPostProcessor': no URL paths identified
2018-05-14 18:09:51.902 DEBUG 5712 --- [    Test worker] o.s.w.s.h.BeanNameUrlHandlerMapping      : Rejected bean name 'org.springframework.data.web.config.SpringDataWebConfiguration': no URL paths identified
2018-05-14 18:09:51.902 DEBUG 5712 --- [    Test worker] o.s.w.s.h.BeanNameUrlHandlerMapping      : Rejected bean name 'pageableResolver': no URL paths identified
2018-05-14 18:09:51.902 DEBUG 5712 --- [    Test worker] o.s.w.s.h.BeanNameUrlHandlerMapping      : Rejected bean name 'sortResolver': no URL paths identified
2018-05-14 18:09:51.902 DEBUG 5712 --- [    Test worker] o.s.w.s.h.BeanNameUrlHandlerMapping      : Rejected bean name 'org.springframework.data.mongodb.config.GeoJsonConfiguration': no URL paths identified
2018-05-14 18:09:51.902 DEBUG 5712 --- [    Test worker] o.s.w.s.h.BeanNameUrlHandlerMapping      : Rejected bean name 'geoJsonModule': no URL paths identified
2018-05-14 18:09:51.902 DEBUG 5712 --- [    Test worker] o.s.w.s.h.BeanNameUrlHandlerMapping      : Rejected bean name 'org.springframework.data.web.config.SpringDataJacksonConfiguration': no URL paths identified
2018-05-14 18:09:51.902 DEBUG 5712 --- [    Test worker] o.s.w.s.h.BeanNameUrlHandlerMapping      : Rejected bean name 'jacksonGeoModule': no URL paths identified
2018-05-14 18:09:51.902 DEBUG 5712 --- [    Test worker] o.s.w.s.h.BeanNameUrlHandlerMapping      : Rejected bean name 'org.springframework.boot.autoconfigure.data.web.SpringDataWebAutoConfiguration': no URL paths identified
2018-05-14 18:09:51.902 DEBUG 5712 --- [    Test worker] o.s.w.s.h.BeanNameUrlHandlerMapping      : Rejected bean name 'pageableCustomizer': no URL paths identified
2018-05-14 18:09:51.902 DEBUG 5712 --- [    Test worker] o.s.w.s.h.BeanNameUrlHandlerMapping      : Rejected bean name 'sortCustomizer': no URL paths identified
2018-05-14 18:09:51.902 DEBUG 5712 --- [    Test worker] o.s.w.s.h.BeanNameUrlHandlerMapping      : Rejected bean name 'spring.data.web-org.springframework.boot.autoconfigure.data.web.SpringDataWebProperties': no URL paths identified
2018-05-14 18:09:51.902 DEBUG 5712 --- [    Test worker] o.s.w.s.h.BeanNameUrlHandlerMapping      : Rejected bean name 'org.springframework.boot.autoconfigure.http.codec.CodecsAutoConfiguration$JacksonCodecConfiguration': no URL paths identified
2018-05-14 18:09:51.902 DEBUG 5712 --- [    Test worker] o.s.w.s.h.BeanNameUrlHandlerMapping      : Rejected bean name 'jacksonCodecCustomizer': no URL paths identified
2018-05-14 18:09:51.902 DEBUG 5712 --- [    Test worker] o.s.w.s.h.BeanNameUrlHandlerMapping      : Rejected bean name 'org.springframework.boot.autoconfigure.http.codec.CodecsAutoConfiguration': no URL paths identified
2018-05-14 18:09:51.902 DEBUG 5712 --- [    Test worker] o.s.w.s.h.BeanNameUrlHandlerMapping      : Rejected bean name 'org.springframework.boot.autoconfigure.info.ProjectInfoAutoConfiguration': no URL paths identified
2018-05-14 18:09:51.903 DEBUG 5712 --- [    Test worker] o.s.w.s.h.BeanNameUrlHandlerMapping      : Rejected bean name 'spring.info-org.springframework.boot.autoconfigure.info.ProjectInfoProperties': no URL paths identified
2018-05-14 18:09:51.903 DEBUG 5712 --- [    Test worker] o.s.w.s.h.BeanNameUrlHandlerMapping      : Rejected bean name 'org.springframework.boot.autoconfigure.security.reactive.ReactiveSecurityAutoConfiguration': no URL paths identified
2018-05-14 18:09:51.903 DEBUG 5712 --- [    Test worker] o.s.w.s.h.BeanNameUrlHandlerMapping      : Rejected bean name 'spring.security-org.springframework.boot.autoconfigure.security.SecurityProperties': no URL paths identified
2018-05-14 18:09:51.903 DEBUG 5712 --- [    Test worker] o.s.w.s.h.BeanNameUrlHandlerMapping      : Rejected bean name 'org.springframework.boot.autoconfigure.thymeleaf.ThymeleafAutoConfiguration$ThymeleafJava8TimeDialect': no URL paths identified
2018-05-14 18:09:51.903 DEBUG 5712 --- [    Test worker] o.s.w.s.h.BeanNameUrlHandlerMapping      : Rejected bean name 'java8TimeDialect': no URL paths identified
2018-05-14 18:09:51.903 DEBUG 5712 --- [    Test worker] o.s.w.s.h.BeanNameUrlHandlerMapping      : Rejected bean name 'org.springframework.boot.autoconfigure.thymeleaf.ThymeleafAutoConfiguration$ThymeleafWebMvcConfiguration$ThymeleafViewResolverConfiguration': no URL paths identified
2018-05-14 18:09:51.903 DEBUG 5712 --- [    Test worker] o.s.w.s.h.BeanNameUrlHandlerMapping      : Rejected bean name 'thymeleafViewResolver': no URL paths identified
2018-05-14 18:09:51.903 DEBUG 5712 --- [    Test worker] o.s.w.s.h.BeanNameUrlHandlerMapping      : Rejected bean name 'org.springframework.boot.autoconfigure.thymeleaf.ThymeleafAutoConfiguration$ThymeleafWebMvcConfiguration': no URL paths identified
2018-05-14 18:09:51.903 DEBUG 5712 --- [    Test worker] o.s.w.s.h.BeanNameUrlHandlerMapping      : Rejected bean name 'org.springframework.boot.autoconfigure.thymeleaf.ThymeleafAutoConfiguration$ThymeleafDefaultConfiguration': no URL paths identified
2018-05-14 18:09:51.903 DEBUG 5712 --- [    Test worker] o.s.w.s.h.BeanNameUrlHandlerMapping      : Rejected bean name 'templateEngine': no URL paths identified
2018-05-14 18:09:51.903 DEBUG 5712 --- [    Test worker] o.s.w.s.h.BeanNameUrlHandlerMapping      : Rejected bean name 'org.springframework.boot.autoconfigure.thymeleaf.ThymeleafAutoConfiguration$DefaultTemplateResolverConfiguration': no URL paths identified
2018-05-14 18:09:51.903 DEBUG 5712 --- [    Test worker] o.s.w.s.h.BeanNameUrlHandlerMapping      : Rejected bean name 'defaultTemplateResolver': no URL paths identified
2018-05-14 18:09:51.903 DEBUG 5712 --- [    Test worker] o.s.w.s.h.BeanNameUrlHandlerMapping      : Rejected bean name 'org.springframework.boot.autoconfigure.thymeleaf.ThymeleafAutoConfiguration': no URL paths identified
2018-05-14 18:09:51.903 DEBUG 5712 --- [    Test worker] o.s.w.s.h.BeanNameUrlHandlerMapping      : Rejected bean name 'spring.thymeleaf-org.springframework.boot.autoconfigure.thymeleaf.ThymeleafProperties': no URL paths identified
2018-05-14 18:09:51.903 DEBUG 5712 --- [    Test worker] o.s.w.s.h.BeanNameUrlHandlerMapping      : Rejected bean name 'org.springframework.boot.autoconfigure.transaction.TransactionAutoConfiguration': no URL paths identified
2018-05-14 18:09:51.903 DEBUG 5712 --- [    Test worker] o.s.w.s.h.BeanNameUrlHandlerMapping      : Rejected bean name 'platformTransactionManagerCustomizers': no URL paths identified
2018-05-14 18:09:51.903 DEBUG 5712 --- [    Test worker] o.s.w.s.h.BeanNameUrlHandlerMapping      : Rejected bean name 'spring.transaction-org.springframework.boot.autoconfigure.transaction.TransactionProperties': no URL paths identified
2018-05-14 18:09:51.903 DEBUG 5712 --- [    Test worker] o.s.w.s.h.BeanNameUrlHandlerMapping      : Rejected bean name 'org.springframework.boot.autoconfigure.web.client.RestTemplateAutoConfiguration': no URL paths identified
2018-05-14 18:09:51.903 DEBUG 5712 --- [    Test worker] o.s.w.s.h.BeanNameUrlHandlerMapping      : Rejected bean name 'restTemplateBuilder': no URL paths identified
2018-05-14 18:09:51.903 DEBUG 5712 --- [    Test worker] o.s.w.s.h.BeanNameUrlHandlerMapping      : Rejected bean name 'org.springframework.boot.autoconfigure.web.embedded.EmbeddedWebServerFactoryCustomizerAutoConfiguration$TomcatWebServerFactoryCustomizerConfiguration': no URL paths identified
2018-05-14 18:09:51.903 DEBUG 5712 --- [    Test worker] o.s.w.s.h.BeanNameUrlHandlerMapping      : Rejected bean name 'tomcatWebServerFactoryCustomizer': no URL paths identified
2018-05-14 18:09:51.903 DEBUG 5712 --- [    Test worker] o.s.w.s.h.BeanNameUrlHandlerMapping      : Rejected bean name 'org.springframework.boot.autoconfigure.web.embedded.EmbeddedWebServerFactoryCustomizerAutoConfiguration': no URL paths identified
2018-05-14 18:09:51.903 DEBUG 5712 --- [    Test worker] o.s.w.s.h.BeanNameUrlHandlerMapping      : Rejected bean name 'org.springframework.boot.autoconfigure.web.servlet.HttpEncodingAutoConfiguration': no URL paths identified
2018-05-14 18:09:51.903 DEBUG 5712 --- [    Test worker] o.s.w.s.h.BeanNameUrlHandlerMapping      : Rejected bean name 'characterEncodingFilter': no URL paths identified
2018-05-14 18:09:51.903 DEBUG 5712 --- [    Test worker] o.s.w.s.h.BeanNameUrlHandlerMapping      : Rejected bean name 'localeCharsetMappingsCustomizer': no URL paths identified
2018-05-14 18:09:51.903 DEBUG 5712 --- [    Test worker] o.s.w.s.h.BeanNameUrlHandlerMapping      : Rejected bean name 'org.springframework.boot.autoconfigure.web.servlet.MultipartAutoConfiguration': no URL paths identified
2018-05-14 18:09:51.904 DEBUG 5712 --- [    Test worker] o.s.w.s.h.BeanNameUrlHandlerMapping      : Rejected bean name 'multipartConfigElement': no URL paths identified
2018-05-14 18:09:51.904 DEBUG 5712 --- [    Test worker] o.s.w.s.h.BeanNameUrlHandlerMapping      : Rejected bean name 'multipartResolver': no URL paths identified
2018-05-14 18:09:51.904 DEBUG 5712 --- [    Test worker] o.s.w.s.h.BeanNameUrlHandlerMapping      : Rejected bean name 'spring.servlet.multipart-org.springframework.boot.autoconfigure.web.servlet.MultipartProperties': no URL paths identified
2018-05-14 18:09:51.904 DEBUG 5712 --- [    Test worker] o.s.w.s.h.BeanNameUrlHandlerMapping      : Rejected bean name 'autoConfigurationReport': no URL paths identified
2018-05-14 18:09:51.904 DEBUG 5712 --- [    Test worker] o.s.w.s.h.BeanNameUrlHandlerMapping      : Rejected bean name 'org.springframework.boot.context.ContextIdApplicationContextInitializer$ContextId': no URL paths identified
2018-05-14 18:09:51.904 DEBUG 5712 --- [    Test worker] o.s.w.s.h.BeanNameUrlHandlerMapping      : Rejected bean name 'org.springframework.boot.test.autoconfigure.properties.PropertyMappingContextCustomizer$PropertyMappingCheckBeanPostProcessor': no URL paths identified
2018-05-14 18:09:51.904 DEBUG 5712 --- [    Test worker] o.s.w.s.h.BeanNameUrlHandlerMapping      : Rejected bean name 'org.springframework.boot.test.context.filter.TestTypeExcludeFilter': no URL paths identified
2018-05-14 18:09:51.904 DEBUG 5712 --- [    Test worker] o.s.w.s.h.BeanNameUrlHandlerMapping      : Rejected bean name 'springApplicationArguments': no URL paths identified
2018-05-14 18:09:51.904 DEBUG 5712 --- [    Test worker] o.s.w.s.h.BeanNameUrlHandlerMapping      : Rejected bean name 'springBootBanner': no URL paths identified
2018-05-14 18:09:51.904 DEBUG 5712 --- [    Test worker] o.s.w.s.h.BeanNameUrlHandlerMapping      : Rejected bean name 'springBootLoggingSystem': no URL paths identified
2018-05-14 18:09:51.904 DEBUG 5712 --- [    Test worker] o.s.w.s.h.BeanNameUrlHandlerMapping      : Rejected bean name 'environment': no URL paths identified
2018-05-14 18:09:51.904 DEBUG 5712 --- [    Test worker] o.s.w.s.h.BeanNameUrlHandlerMapping      : Rejected bean name 'systemProperties': no URL paths identified
2018-05-14 18:09:51.904 DEBUG 5712 --- [    Test worker] o.s.w.s.h.BeanNameUrlHandlerMapping      : Rejected bean name 'systemEnvironment': no URL paths identified
2018-05-14 18:09:51.904 DEBUG 5712 --- [    Test worker] o.s.w.s.h.BeanNameUrlHandlerMapping      : Rejected bean name 'servletContext': no URL paths identified
2018-05-14 18:09:51.904 DEBUG 5712 --- [    Test worker] o.s.w.s.h.BeanNameUrlHandlerMapping      : Rejected bean name 'contextParameters': no URL paths identified
2018-05-14 18:09:51.904 DEBUG 5712 --- [    Test worker] o.s.w.s.h.BeanNameUrlHandlerMapping      : Rejected bean name 'contextAttributes': no URL paths identified
2018-05-14 18:09:51.904 DEBUG 5712 --- [    Test worker] o.s.w.s.h.BeanNameUrlHandlerMapping      : Rejected bean name 'org.springframework.context.annotation.ConfigurationClassPostProcessor.importRegistry': no URL paths identified
2018-05-14 18:09:51.904 DEBUG 5712 --- [    Test worker] o.s.w.s.h.BeanNameUrlHandlerMapping      : Rejected bean name 'org.springframework.boot.test.mock.mockito.MockitoBeans': no URL paths identified
2018-05-14 18:09:51.904 DEBUG 5712 --- [    Test worker] o.s.w.s.h.BeanNameUrlHandlerMapping      : Rejected bean name 'applicationEventMulticaster': no URL paths identified
2018-05-14 18:09:51.910  INFO 5712 --- [    Test worker] o.s.w.s.handler.SimpleUrlHandlerMapping  : Mapped URL path [/webjars/**] onto handler of type [class org.springframework.web.servlet.resource.ResourceHttpRequestHandler]
2018-05-14 18:09:51.910  INFO 5712 --- [    Test worker] o.s.w.s.handler.SimpleUrlHandlerMapping  : Mapped URL path [/**] onto handler of type [class org.springframework.web.servlet.resource.ResourceHttpRequestHandler]
2018-05-14 18:09:51.919 DEBUG 5712 --- [    Test worker] .m.m.a.ExceptionHandlerExceptionResolver : Looking for exception mappings: org.springframework.web.context.support.GenericWebApplicationContext@6d86967e: startup date [Mon May 14 18:09:50 EDT 2018]; root of context hierarchy
2018-05-14 18:09:51.921  INFO 5712 --- [    Test worker] .m.m.a.ExceptionHandlerExceptionResolver : Detected @ExceptionHandler methods in controllerExceptionHandler
2018-05-14 18:09:52.115 DEBUG 5712 --- [    Test worker] o.s.w.c.s.GenericWebApplicationContext   : Unable to locate LifecycleProcessor with name 'lifecycleProcessor': using default [org.springframework.context.support.DefaultLifecycleProcessor@2b1a0fbe]
2018-05-14 18:09:52.124  INFO 5712 --- [    Test worker] org.mongodb.driver.connection            : Opened connection [connectionId{localValue:4, serverValue:2}] to localhost:57272
2018-05-14 18:09:52.231 DEBUG 5712 --- [    Test worker] o.s.w.s.resource.ResourceUrlProvider     : Looking for resource handler mappings
2018-05-14 18:09:52.232 DEBUG 5712 --- [    Test worker] o.s.w.s.resource.ResourceUrlProvider     : Found resource handler mapping: URL pattern="/**/favicon.ico", locations=[class path resource [META-INF/resources/], class path resource [resources/], class path resource [static/], class path resource [public/], ServletContext resource [/], class path resource []], resolvers=[org.springframework.web.servlet.resource.PathResourceResolver@23161298]
2018-05-14 18:09:52.232 DEBUG 5712 --- [    Test worker] o.s.w.s.resource.ResourceUrlProvider     : Found resource handler mapping: URL pattern="/webjars/**", locations=[class path resource [META-INF/resources/webjars/]], resolvers=[org.springframework.web.servlet.resource.PathResourceResolver@57725010]
2018-05-14 18:09:52.232 DEBUG 5712 --- [    Test worker] o.s.w.s.resource.ResourceUrlProvider     : Found resource handler mapping: URL pattern="/**", locations=[class path resource [META-INF/resources/], class path resource [resources/], class path resource [static/], class path resource [public/], ServletContext resource [/]], resolvers=[org.springframework.web.servlet.resource.PathResourceResolver@b784478]
2018-05-14 18:09:52.232  INFO 5712 --- [    Test worker] g.s.services.RecipeServiceIT             : Started RecipeServiceIT in 2.086 seconds (JVM running for 9.444)
]]></system-out>
  <system-err><![CDATA[]]></system-err>
</testsuite>
