<?xml version="1.0" encoding="UTF-8"?>
<testsuite name="guru.springframework.converters.UnitOfMeasureToUnitOfMeasureCommandTest" tests="3" skipped="0" failures="0" errors="0" timestamp="2018-05-14T22:09:46" hostname="ROB-PC" time="0.0">
  <properties/>
  <testcase name="testNullObjectConvert" classname="guru.springframework.converters.UnitOfMeasureToUnitOfMeasureCommandTest" time="0.0"/>
  <testcase name="convert" classname="guru.springframework.converters.UnitOfMeasureToUnitOfMeasureCommandTest" time="0.0"/>
  <testcase name="testEmptyObj" classname="guru.springframework.converters.UnitOfMeasureToUnitOfMeasureCommandTest" time="0.0"/>
  <system-out><![CDATA[]]></system-out>
  <system-err><![CDATA[]]></system-err>
</testsuite>
