<?xml version="1.0" encoding="UTF-8"?>
<testsuite name="guru.springframework.repositories.UnitOfMeasureRepositoryIT" tests="2" skipped="0" failures="0" errors="0" timestamp="2018-05-14T22:09:49" hostname="ROB-PC" time="0.345">
  <properties/>
  <testcase name="FindByDescription" classname="guru.springframework.repositories.UnitOfMeasureRepositoryIT" time="0.306"/>
  <testcase name="FindByDescriptionCup" classname="guru.springframework.repositories.UnitOfMeasureRepositoryIT" time="0.038"/>
  <system-out><![CDATA[18:09:46.691 [Test worker] DEBUG org.springframework.test.context.junit4.SpringJUnit4ClassRunner - SpringJUnit4ClassRunner constructor called with [class guru.springframework.repositories.UnitOfMeasureRepositoryIT]
18:09:46.693 [Test worker] DEBUG org.springframework.test.context.BootstrapUtils - Instantiating CacheAwareContextLoaderDelegate from class [org.springframework.test.context.cache.DefaultCacheAwareContextLoaderDelegate]
18:09:46.696 [Test worker] DEBUG org.springframework.test.context.BootstrapUtils - Instantiating BootstrapContext using constructor [public org.springframework.test.context.support.DefaultBootstrapContext(java.lang.Class,org.springframework.test.context.CacheAwareContextLoaderDelegate)]
18:09:46.698 [Test worker] DEBUG org.springframework.test.context.BootstrapUtils - Instantiating TestContextBootstrapper for test class [guru.springframework.repositories.UnitOfMeasureRepositoryIT] from class [org.springframework.boot.test.context.SpringBootTestContextBootstrapper]
18:09:46.712 [Test worker] INFO org.springframework.boot.test.context.SpringBootTestContextBootstrapper - Neither @ContextConfiguration nor @ContextHierarchy found for test class [guru.springframework.repositories.UnitOfMeasureRepositoryIT], using SpringBootContextLoader
18:09:46.713 [Test worker] DEBUG org.springframework.test.context.support.AbstractContextLoader - Did not detect default resource location for test class [guru.springframework.repositories.UnitOfMeasureRepositoryIT]: class path resource [guru/springframework/repositories/UnitOfMeasureRepositoryIT-context.xml] does not exist
18:09:46.714 [Test worker] DEBUG org.springframework.test.context.support.AbstractContextLoader - Did not detect default resource location for test class [guru.springframework.repositories.UnitOfMeasureRepositoryIT]: class path resource [guru/springframework/repositories/UnitOfMeasureRepositoryITContext.groovy] does not exist
18:09:46.714 [Test worker] INFO org.springframework.test.context.support.AbstractContextLoader - Could not detect default resource locations for test class [guru.springframework.repositories.UnitOfMeasureRepositoryIT]: no resource found for suffixes {-context.xml, Context.groovy}.
18:09:46.715 [Test worker] INFO org.springframework.test.context.support.AnnotationConfigContextLoaderUtils - Could not detect default configuration classes for test class [guru.springframework.repositories.UnitOfMeasureRepositoryIT]: UnitOfMeasureRepositoryIT does not declare any static, non-private, non-final, nested classes annotated with @Configuration.
18:09:46.764 [Test worker] DEBUG org.springframework.test.context.support.ActiveProfilesUtils - Could not find an 'annotation declaring class' for annotation type [org.springframework.test.context.ActiveProfiles] and class [guru.springframework.repositories.UnitOfMeasureRepositoryIT]
18:09:46.769 [Test worker] DEBUG org.springframework.core.env.StandardEnvironment - Adding PropertySource 'systemProperties' with lowest search precedence
18:09:46.770 [Test worker] DEBUG org.springframework.core.env.StandardEnvironment - Adding PropertySource 'systemEnvironment' with lowest search precedence
18:09:46.770 [Test worker] DEBUG org.springframework.core.env.StandardEnvironment - Initialized StandardEnvironment with PropertySources [MapPropertySource@885871557 {name='systemProperties', properties={sun.desktop=windows, awt.toolkit=sun.awt.windows.WToolkit, java.specification.version=9, file.encoding.pkg=sun.io, sun.cpu.isalist=amd64, sun.jnu.encoding=Cp1252, org.gradle.test.worker=1, java.class.path=C:\\Users\\rjboy\\.gradle\\caches\\4.7\\workerMain\\gradle-worker.jar;D:\\Udemy\\Spring_Framework_5\\eclipse_projects\\recipe-app-eclipse-mongodb-gradle\\build\\classes\\java\\test;D:\\Udemy\\Spring_Framework_5\\eclipse_projects\\recipe-app-eclipse-mongodb-gradle\\build\\resources\\test;D:\\Udemy\\Spring_Framework_5\\eclipse_projects\\recipe-app-eclipse-mongodb-gradle\\build\\classes\\java\\main;D:\\Udemy\\Spring_Framework_5\\eclipse_projects\\recipe-app-eclipse-mongodb-gradle\\build\\resources\\main;C:\\Users\\rjboy\\.gradle\\caches\\modules-2\\files-2.1\\org.springframework.boot\\spring-boot-starter-data-mongodb\\2.0.2.RELEASE\\b7ea7325e4609728db2da641c5071d7a9972c4f\\spring-boot-starter-data-mongodb-2.0.2.RELEASE.jar;C:\\Users\\rjboy\\.gradle\\caches\\modules-2\\files-2.1\\cz.jirutka.spring\\embedmongo-spring\\1.3.1\\b109b79d54367b96eea1409d75d03421c48ed870\\embedmongo-spring-1.3.1.jar;C:\\Users\\rjboy\\.gradle\\caches\\modules-2\\files-2.1\\de.flapdoodle.embed\\de.flapdoodle.embed.mongo\\2.0.3\\ebd8f3f05a4095877b4ca73a1fbd5ac2e9efb853\\de.flapdoodle.embed.mongo-2.0.3.jar;C:\\Users\\rjboy\\.gradle\\caches\\modules-2\\files-2.1\\org.springframework.boot\\spring-boot-starter-thymeleaf\\2.0.2.RELEASE\\1384e93480a1555897cfbec4592a41173acae714\\spring-boot-starter-thymeleaf-2.0.2.RELEASE.jar;C:\\Users\\rjboy\\.gradle\\caches\\modules-2\\files-2.1\\org.springframework.boot\\spring-boot-starter-web\\2.0.2.RELEASE\\b6ef0cf4d0a7c6c7e93ff524b84cd1d8f87f67d9\\spring-boot-starter-web-2.0.2.RELEASE.jar;C:\\Users\\rjboy\\.gradle\\caches\\modules-2\\files-2.1\\org.webjars\\bootstrap\\3.3.7\\d6aeba80236573ed585baa657dac2b951caa8e7e\\bootstrap-3.3.7.jar;C:\\Users\\rjboy\\.gradle\\caches\\modules-2\\files-2.1\\org.springframework.boot\\spring-boot-devtools\\2.0.2.RELEASE\\ed2b1c877b0c00ef7f961bd118e420a49de3c970\\spring-boot-devtools-2.0.2.RELEASE.jar;C:\\Users\\rjboy\\.gradle\\caches\\modules-2\\files-2.1\\org.springframework.boot\\spring-boot-starter-test\\2.0.2.RELEASE\\d9e090412f318586e0f277e24740b79b58ef190b\\spring-boot-starter-test-2.0.2.RELEASE.jar;C:\\Users\\rjboy\\.gradle\\caches\\modules-2\\files-2.1\\org.springframework.boot\\spring-boot-starter-json\\2.0.2.RELEASE\\5edda979838ced5314b8f58a958fe9d6b4b3badd\\spring-boot-starter-json-2.0.2.RELEASE.jar;C:\\Users\\rjboy\\.gradle\\caches\\modules-2\\files-2.1\\org.springframework.boot\\spring-boot-starter\\2.0.2.RELEASE\\1cda94f0dfcf2b065191782a54b84d2abf96391\\spring-boot-starter-2.0.2.RELEASE.jar;C:\\Users\\rjboy\\.gradle\\caches\\modules-2\\files-2.1\\org.mongodb\\mongodb-driver\\3.6.3\\d462fcc4640ac69b35e7cd2491e992c6bdf82862\\mongodb-driver-3.6.3.jar;C:\\Users\\rjboy\\.gradle\\caches\\modules-2\\files-2.1\\org.springframework.data\\spring-data-mongodb\\2.0.7.RELEASE\\e5c5d40d4dce7ce909e1dce87baddeeba934e1f0\\spring-data-mongodb-2.0.7.RELEASE.jar;C:\\Users\\rjboy\\.gradle\\caches\\modules-2\\files-2.1\\de.flapdoodle.embed\\de.flapdoodle.embed.process\\2.0.2\\7fe480f5a233ca5a485d8f5f48616f749adf1807\\de.flapdoodle.embed.process-2.0.2.jar;C:\\Users\\rjboy\\.gradle\\caches\\modules-2\\files-2.1\\org.mongodb\\mongo-java-driver\\3.6.3\\237cbf74df3441c172e80ca676dc967166625ff9\\mongo-java-driver-3.6.3.jar;C:\\Users\\rjboy\\.gradle\\caches\\modules-2\\files-2.1\\org.thymeleaf\\thymeleaf-spring5\\3.0.9.RELEASE\\abf84efd83808a70d982d2790f7f3a7bd3a39cf4\\thymeleaf-spring5-3.0.9.RELEASE.jar;C:\\Users\\rjboy\\.gradle\\caches\\modules-2\\files-2.1\\org.thymeleaf.extras\\thymeleaf-extras-java8time\\3.0.1.RELEASE\\d23760d1e53cd70c489ef40dc94ee6bd2371cceb\\thymeleaf-extras-java8time-3.0.1.RELEASE.jar;C:\\Users\\rjboy\\.gradle\\caches\\modules-2\\files-2.1\\com.jayway.jsonpath\\json-path\\2.4.0\\765a4401ceb2dc8d40553c2075eb80a8fa35c2ae\\json-path-2.4.0.jar;C:\\Users\\rjboy\\.gradle\\caches\\modules-2\\files-2.1\\org.springframework.data\\spring-data-commons\\2.0.7.RELEASE\\7faa0fb2ffa50a5c50ad9f10118095ae24d5c6e1\\spring-data-commons-2.0.7.RELEASE.jar;C:\\Users\\rjboy\\.gradle\\caches\\modules-2\\files-2.1\\org.thymeleaf\\thymeleaf\\3.0.9.RELEASE\\64185cca50ac808ad034841c84b4013f955465d2\\thymeleaf-3.0.9.RELEASE.jar;C:\\Users\\rjboy\\.gradle\\caches\\modules-2\\files-2.1\\org.springframework.boot\\spring-boot-starter-logging\\2.0.2.RELEASE\\b56d7d1931792d6e58dbd41f956912359ba85238\\spring-boot-starter-logging-2.0.2.RELEASE.jar;C:\\Users\\rjboy\\.gradle\\caches\\modules-2\\files-2.1\\ch.qos.logback\\logback-classic\\1.2.3\\7c4f3c474fb2c041d8028740440937705ebb473a\\logback-classic-1.2.3.jar;C:\\Users\\rjboy\\.gradle\\caches\\modules-2\\files-2.1\\org.apache.logging.log4j\\log4j-to-slf4j\\2.10.0\\f7e631ccf49cfc0aefa4a2a728da7d374c05bd3c\\log4j-to-slf4j-2.10.0.jar;C:\\Users\\rjboy\\.gradle\\caches\\modules-2\\files-2.1\\org.slf4j\\jul-to-slf4j\\1.7.25\\af5364cd6679bfffb114f0dec8a157aaa283b76\\jul-to-slf4j-1.7.25.jar;C:\\Users\\rjboy\\.gradle\\caches\\modules-2\\files-2.1\\org.slf4j\\slf4j-api\\1.7.25\\da76ca59f6a57ee3102f8f9bd9cee742973efa8a\\slf4j-api-1.7.25.jar;C:\\Users\\rjboy\\.gradle\\caches\\modules-2\\files-2.1\\org.springframework.boot\\spring-boot-starter-tomcat\\2.0.2.RELEASE\\cedbfb18762e1c220007c768bfc5b773f5b30f8a\\spring-boot-starter-tomcat-2.0.2.RELEASE.jar;C:\\Users\\rjboy\\.gradle\\caches\\modules-2\\files-2.1\\org.hibernate.validator\\hibernate-validator\\6.0.9.Final\\b149e4cce82379f11f6129eb3187ca8ae5404005\\hibernate-validator-6.0.9.Final.jar;C:\\Users\\rjboy\\.gradle\\caches\\modules-2\\files-2.1\\org.springframework\\spring-webmvc\\5.0.6.RELEASE\\1361c5d1cf46665ee01de5dc1ca447c3be174c19\\spring-webmvc-5.0.6.RELEASE.jar;C:\\Users\\rjboy\\.gradle\\caches\\modules-2\\files-2.1\\org.springframework\\spring-web\\5.0.6.RELEASE\\89e89de3025165998118590613aedc6df8d64af6\\spring-web-5.0.6.RELEASE.jar;C:\\Users\\rjboy\\.gradle\\caches\\modules-2\\files-2.1\\org.webjars\\jquery\\1.11.1\\195eda53ac8beba7bff08f9919b48c954c858590\\jquery-1.11.1.jar;C:\\Users\\rjboy\\.gradle\\caches\\modules-2\\files-2.1\\org.springframework.boot\\spring-boot-test-autoconfigure\\2.0.2.RELEASE\\4993bdd96a4c02bc5b5703862d99ef4c563f25d0\\spring-boot-test-autoconfigure-2.0.2.RELEASE.jar;C:\\Users\\rjboy\\.gradle\\caches\\modules-2\\files-2.1\\org.springframework.boot\\spring-boot-autoconfigure\\2.0.2.RELEASE\\f4b25e753e4955337a138d8b1550236b5efe5b3b\\spring-boot-autoconfigure-2.0.2.RELEASE.jar;C:\\Users\\rjboy\\.gradle\\caches\\modules-2\\files-2.1\\org.springframework.boot\\spring-boot-test\\2.0.2.RELEASE\\fc85812e6543312a3b0ea9fbbdfd4a51183380a3\\spring-boot-test-2.0.2.RELEASE.jar;C:\\Users\\rjboy\\.gradle\\caches\\modules-2\\files-2.1\\org.springframework.boot\\spring-boot\\2.0.2.RELEASE\\15012cf02e9f77938244e554f0598535fdd1cb38\\spring-boot-2.0.2.RELEASE.jar;C:\\Users\\rjboy\\.gradle\\caches\\modules-2\\files-2.1\\junit\\junit\\4.12\\2973d150c0dc1fefe998f834810d68f278ea58ec\\junit-4.12.jar;C:\\Users\\rjboy\\.gradle\\caches\\modules-2\\files-2.1\\org.assertj\\assertj-core\\3.9.1\\c5ce126b15f28d56cd8f960c1a6a058b9c9aea87\\assertj-core-3.9.1.jar;C:\\Users\\rjboy\\.gradle\\caches\\modules-2\\files-2.1\\org.mockito\\mockito-core\\2.15.0\\b84bfbbc29cd22c9529409627af6ea2897f4fa85\\mockito-core-2.15.0.jar;C:\\Users\\rjboy\\.gradle\\caches\\modules-2\\files-2.1\\org.hamcrest\\hamcrest-library\\1.3\\4785a3c21320980282f9f33d0d1264a69040538f\\hamcrest-library-1.3.jar;C:\\Users\\rjboy\\.gradle\\caches\\modules-2\\files-2.1\\org.hamcrest\\hamcrest-core\\1.3\\42a25dc3219429f0e5d060061f71acb49bf010a0\\hamcrest-core-1.3.jar;C:\\Users\\rjboy\\.gradle\\caches\\modules-2\\files-2.1\\org.skyscreamer\\jsonassert\\1.5.0\\6c9d5fe2f59da598d9aefc1cfc6528ff3cf32df3\\jsonassert-1.5.0.jar;C:\\Users\\rjboy\\.gradle\\caches\\modules-2\\files-2.1\\org.springframework\\spring-test\\5.0.6.RELEASE\\dbc99b288774b2e07d94bc14fe38d556bc3ed34a\\spring-test-5.0.6.RELEASE.jar;C:\\Users\\rjboy\\.gradle\\caches\\modules-2\\files-2.1\\org.springframework\\spring-tx\\5.0.6.RELEASE\\1b6ffc44f2d59507a0fce1084fcc21788b13904\\spring-tx-5.0.6.RELEASE.jar;C:\\Users\\rjboy\\.gradle\\caches\\modules-2\\files-2.1\\org.springframework\\spring-context\\5.0.6.RELEASE\\8b73b742ef0ddce04f0f1068f305de240b00ce0d\\spring-context-5.0.6.RELEASE.jar;C:\\Users\\rjboy\\.gradle\\caches\\modules-2\\files-2.1\\org.springframework\\spring-aop\\5.0.6.RELEASE\\74078df698992054c1c1a8f705763a6c7b4b914c\\spring-aop-5.0.6.RELEASE.jar;C:\\Users\\rjboy\\.gradle\\caches\\modules-2\\files-2.1\\org.springframework\\spring-beans\\5.0.6.RELEASE\\d609b83cd8a71650a70778cf8d02c9a05b9161fe\\spring-beans-5.0.6.RELEASE.jar;C:\\Users\\rjboy\\.gradle\\caches\\modules-2\\files-2.1\\org.springframework\\spring-expression\\5.0.6.RELEASE\\dec57ae5e6f0dfd4c6cfc199aa13ed268c3e1a65\\spring-expression-5.0.6.RELEASE.jar;C:\\Users\\rjboy\\.gradle\\caches\\modules-2\\files-2.1\\org.springframework\\spring-core\\5.0.6.RELEASE\\984a52455b1be596b7f1a29f62d21d2f483eb764\\spring-core-5.0.6.RELEASE.jar;C:\\Users\\rjboy\\.gradle\\caches\\modules-2\\files-2.1\\org.xmlunit\\xmlunit-core\\2.5.1\\4ffdb346572a7356f7521cd3119ce5287d2e339d\\xmlunit-core-2.5.1.jar;C:\\Users\\rjboy\\.gradle\\caches\\modules-2\\files-2.1\\javax.annotation\\javax.annotation-api\\1.3.2\\934c04d3cfef185a8008e7bf34331b79730a9d43\\javax.annotation-api-1.3.2.jar;C:\\Users\\rjboy\\.gradle\\caches\\modules-2\\files-2.1\\org.yaml\\snakeyaml\\1.19\\2d998d3d674b172a588e54ab619854d073f555b5\\snakeyaml-1.19.jar;C:\\Users\\rjboy\\.gradle\\caches\\modules-2\\files-2.1\\org.mongodb\\mongodb-driver-core\\3.6.3\\f2c41ad5349cdb65a6f7bde16f5ebae9a0dbe5f5\\mongodb-driver-core-3.6.3.jar;C:\\Users\\rjboy\\.gradle\\caches\\modules-2\\files-2.1\\org.mongodb\\bson\\3.6.3\\6c85ddf1fc96eb8776213bef6665d005a564ecd3\\bson-3.6.3.jar;C:\\Users\\rjboy\\.gradle\\caches\\modules-2\\files-2.1\\commons-io\\commons-io\\2.4\\b1b6ea3b7e4aa4f492509a4952029cd8e48019ad\\commons-io-2.4.jar;C:\\Users\\rjboy\\.gradle\\caches\\modules-2\\files-2.1\\org.apache.commons\\commons-lang3\\3.7\\557edd918fd41f9260963583ebf5a61a43a6b423\\commons-lang3-3.7.jar;C:\\Users\\rjboy\\.gradle\\caches\\modules-2\\files-2.1\\net.java.dev.jna\\jna-platform\\4.5.1\\117d52c9f672d8b7ea80a81464c33ef843de9254\\jna-platform-4.5.1.jar;C:\\Users\\rjboy\\.gradle\\caches\\modules-2\\files-2.1\\net.java.dev.jna\\jna\\4.5.1\\65bd0cacc9c79a21c6ed8e9f588577cd3c2f85b9\\jna-4.5.1.jar;C:\\Users\\rjboy\\.gradle\\caches\\modules-2\\files-2.1\\org.apache.commons\\commons-compress\\1.10\\5eeb27c57eece1faf2d837868aeccc94d84dcc9a\\commons-compress-1.10.jar;C:\\Users\\rjboy\\.gradle\\caches\\modules-2\\files-2.1\\com.fasterxml.jackson.datatype\\jackson-datatype-jdk8\\2.9.5\\23e37f085279ba316c0df923513b81609e1d1f6\\jackson-datatype-jdk8-2.9.5.jar;C:\\Users\\rjboy\\.gradle\\caches\\modules-2\\files-2.1\\com.fasterxml.jackson.datatype\\jackson-datatype-jsr310\\2.9.5\\d1f0d11e816bc04e222a261106ca138801841c2d\\jackson-datatype-jsr310-2.9.5.jar;C:\\Users\\rjboy\\.gradle\\caches\\modules-2\\files-2.1\\com.fasterxml.jackson.module\\jackson-module-parameter-names\\2.9.5\\f824c60751ffb7bfc3a0d30dfe0e42317d8e67f5\\jackson-module-parameter-names-2.9.5.jar;C:\\Users\\rjboy\\.gradle\\caches\\modules-2\\files-2.1\\com.fasterxml.jackson.core\\jackson-databind\\2.9.5\\3490508379d065fe3fcb80042b62f630f7588606\\jackson-databind-2.9.5.jar;C:\\Users\\rjboy\\.gradle\\caches\\modules-2\\files-2.1\\org.apache.tomcat.embed\\tomcat-embed-websocket\\8.5.31\\6564e716b89de5eaa0dd234ae7989576503ddf3\\tomcat-embed-websocket-8.5.31.jar;C:\\Users\\rjboy\\.gradle\\caches\\modules-2\\files-2.1\\org.apache.tomcat.embed\\tomcat-embed-core\\8.5.31\\f5adf7ed8c34aa005b22b6a2dc7b6796e10e9c79\\tomcat-embed-core-8.5.31.jar;C:\\Users\\rjboy\\.gradle\\caches\\modules-2\\files-2.1\\org.apache.tomcat.embed\\tomcat-embed-el\\8.5.31\\3a536e1ac71b82627c3a7408eb38fa0704cb9034\\tomcat-embed-el-8.5.31.jar;C:\\Users\\rjboy\\.gradle\\caches\\modules-2\\files-2.1\\javax.validation\\validation-api\\2.0.1.Final\\cb855558e6271b1b32e716d24cb85c7f583ce09e\\validation-api-2.0.1.Final.jar;C:\\Users\\rjboy\\.gradle\\caches\\modules-2\\files-2.1\\org.jboss.logging\\jboss-logging\\3.3.2.Final\\3789d00e859632e6c6206adc0c71625559e6e3b0\\jboss-logging-3.3.2.Final.jar;C:\\Users\\rjboy\\.gradle\\caches\\modules-2\\files-2.1\\com.fasterxml\\classmate\\1.3.4\\3d5f48f10bbe4eb7bd862f10c0583be2e0053c6\\classmate-1.3.4.jar;C:\\Users\\rjboy\\.gradle\\caches\\modules-2\\files-2.1\\net.minidev\\json-smart\\2.3\\7396407491352ce4fa30de92efb158adb76b5b\\json-smart-2.3.jar;C:\\Users\\rjboy\\.gradle\\caches\\modules-2\\files-2.1\\net.bytebuddy\\byte-buddy\\1.7.11\\f02857a4e2c66ccbe7aaad6100a0a6c461bce9b3\\byte-buddy-1.7.11.jar;C:\\Users\\rjboy\\.gradle\\caches\\modules-2\\files-2.1\\net.bytebuddy\\byte-buddy-agent\\1.7.11\\b425a8933ca07edd03c6dbc8bc3b595fba9780de\\byte-buddy-agent-1.7.11.jar;C:\\Users\\rjboy\\.gradle\\caches\\modules-2\\files-2.1\\org.objenesis\\objenesis\\2.6\\639033469776fd37c08358c6b92a4761feb2af4b\\objenesis-2.6.jar;C:\\Users\\rjboy\\.gradle\\caches\\modules-2\\files-2.1\\com.vaadin.external.google\\android-json\\0.0.20131108.vaadin1\\fa26d351fe62a6a17f5cda1287c1c6110dec413f\\android-json-0.0.20131108.vaadin1.jar;C:\\Users\\rjboy\\.gradle\\caches\\modules-2\\files-2.1\\org.springframework\\spring-jcl\\5.0.6.RELEASE\\295ee4e8657e9c1fd327735c01d5fbce339cc44d\\spring-jcl-5.0.6.RELEASE.jar;C:\\Users\\rjboy\\.gradle\\caches\\modules-2\\files-2.1\\org.attoparser\\attoparser\\2.0.4.RELEASE\\5cf02c4d8303a81f0c80971bb1dcd40d3ba96009\\attoparser-2.0.4.RELEASE.jar;C:\\Users\\rjboy\\.gradle\\caches\\modules-2\\files-2.1\\org.unbescape\\unbescape\\1.1.5.RELEASE\\46dc644ea9c234317d926ebac5bf5d8f114dc1ba\\unbescape-1.1.5.RELEASE.jar;C:\\Users\\rjboy\\.gradle\\caches\\modules-2\\files-2.1\\com.fasterxml.jackson.core\\jackson-annotations\\2.9.0\\7c10d545325e3a6e72e06381afe469fd40eb701\\jackson-annotations-2.9.0.jar;C:\\Users\\rjboy\\.gradle\\caches\\modules-2\\files-2.1\\com.fasterxml.jackson.core\\jackson-core\\2.9.5\\a22ac51016944b06fd9ffbc9541c6e7ce5eea117\\jackson-core-2.9.5.jar;C:\\Users\\rjboy\\.gradle\\caches\\modules-2\\files-2.1\\net.minidev\\accessors-smart\\1.2\\c592b500269bfde36096641b01238a8350f8aa31\\accessors-smart-1.2.jar;C:\\Users\\rjboy\\.gradle\\caches\\modules-2\\files-2.1\\ch.qos.logback\\logback-core\\1.2.3\\864344400c3d4d92dfeb0a305dc87d953677c03c\\logback-core-1.2.3.jar;C:\\Users\\rjboy\\.gradle\\caches\\modules-2\\files-2.1\\org.apache.logging.log4j\\log4j-api\\2.10.0\\fec5797a55b786184a537abd39c3fa1449d752d6\\log4j-api-2.10.0.jar;C:\\Users\\rjboy\\.gradle\\caches\\modules-2\\files-2.1\\org.ow2.asm\\asm\\5.0.4\\da08b8cce7bbf903602a25a3a163ae252435795\\asm-5.0.4.jar, java.vm.vendor=Oracle Corporation, sun.arch.data.model=64, user.variant=, java.vendor.url=http://java.oracle.com/, user.timezone=America/New_York, os.name=Windows 10, java.vm.specification.version=9, user.country=US, sun.java.launcher=SUN_STANDARD, sun.boot.library.path=C:\Program Files\Java\jdk-9.0.4\bin, sun.java.command=worker.org.gradle.process.internal.worker.GradleWorkerMain 'Gradle Test Executor 1', jdk.debug=release, sun.cpu.endian=little, user.home=C:\Users\rjboy, user.language=en, java.specification.vendor=Oracle Corporation, org.gradle.native=false, java.home=C:\Program Files\Java\jdk-9.0.4, file.separator=\, java.vm.compressedOopsMode=Zero based, line.separator=
, java.specification.name=Java Platform API Specification, java.vm.specification.vendor=Oracle Corporation, java.awt.graphicsenv=sun.awt.Win32GraphicsEnvironment, user.script=, sun.management.compiler=HotSpot 64-Bit Tiered Compilers, java.runtime.version=9.0.4+11, user.name=rjboy, path.separator=;, os.version=10.0, java.runtime.name=Java(TM) SE Runtime Environment, file.encoding=windows-1252, java.vm.name=Java HotSpot(TM) 64-Bit Server VM, java.vendor.url.bug=http://bugreport.java.com/bugreport/, java.io.tmpdir=C:\Users\rjboy\AppData\Local\Temp\, java.version=9.0.4, user.dir=D:\Udemy\Spring_Framework_5\eclipse_projects\recipe-app-eclipse-mongodb-gradle, os.arch=amd64, java.vm.specification.name=Java Virtual Machine Specification, java.awt.printerjob=sun.awt.windows.WPrinterJob, sun.os.patch.level=, java.library.path=C:\Program Files\Java\jdk-9.0.4\bin;C:\WINDOWS\Sun\Java\bin;C:\WINDOWS\system32;C:\WINDOWS;C:/Program Files/Java/jre1.8.0_162/bin/server;C:/Program Files/Java/jre1.8.0_162/bin;C:/Program Files/Java/jre1.8.0_162/lib/amd64;C:\Program Files\Docker\Docker\Resources\bin;c:\programdata\oracle\java\javapath;c:\windows\system32;c:\windows;c:\windows\system32\wbem;c:\windows\system32\windowspowershell\v1.0\;C:\WINDOWS\system32;C:\WINDOWS;C:\WINDOWS\System32\Wbem;C:\WINDOWS\System32\WindowsPowerShell\v1.0\;C:\Program Files (x86)\NVIDIA Corporation\PhysX\Common;C:\Gradle\gradle-4.7\bin;C:\Program Files\Java\jdk-9.0.4\bin;C:\Program Files\Git\cmd;C:\Program Files\Maven\apache-maven-3.5.3\bin;C:\Program Files\MySQL\MySQL Server 8.0\bin;C:\Users\rjboy\AppData\Local\Microsoft\WindowsApps;;C:\sts-bundle\sts-3.9.2.RELEASE;;., java.vm.info=mixed mode, java.vendor=Oracle Corporation, java.vm.version=9.0.4+11, sun.io.unicode.encoding=UnicodeLittle, java.class.version=53.0}}, SystemEnvironmentPropertySource@1212491351 {name='systemEnvironment', properties={USERDOMAIN_ROAMINGPROFILE=ROB-PC, PROCESSOR_LEVEL=6, SESSIONNAME=Console, ALLUSERSPROFILE=C:\ProgramData, PROCESSOR_ARCHITECTURE=AMD64, PSModulePath=C:\Program Files\WindowsPowerShell\Modules;C:\WINDOWS\system32\WindowsPowerShell\v1.0\Modules, SystemDrive=C:, JRE_HOME=C:\Program Files\Java\jre-9.0.4, MAVEN_HOME=C:\Program Files\Maven\apache-maven-3.5.3, DIRNAME=C:\Gradle\gradle-4.7\bin\, USERNAME=rjboy, CMD_LINE_ARGS=clean test jacocoTestReport, ProgramFiles(x86)=C:\Program Files (x86), FPS_BROWSER_USER_PROFILE_STRING=Default, APP_HOME=C:\Gradle\gradle-4.7\bin\.., PATHEXT=.COM;.EXE;.BAT;.CMD;.VBS;.VBE;.JS;.JSE;.WSF;.WSH;.MSC, ECLIPSE_WORKSPACE=D:\Udemy\Spring_Framework_5\eclipse_projects, ProgramData=C:\ProgramData, ProgramW6432=C:\Program Files, HOMEPATH=\Users\rjboy, PROCESSOR_IDENTIFIER=Intel64 Family 6 Model 94 Stepping 3, GenuineIntel, M2_HOME=C:\Program Files\Maven\apache-maven-3.5.3, ProgramFiles=C:\Program Files, PUBLIC=C:\Users\Public, windir=C:\WINDOWS, _SKIP=2, LOCALAPPDATA=C:\Users\rjboy\AppData\Local, USERDOMAIN=ROB-PC, FPS_BROWSER_APP_PROFILE_STRING=Internet Explorer, LOGONSERVER=\\ROB-PC, JAVA_HOME=C:\Program Files\Java\jdk-9.0.4, PROMPT=$P$G, TERM=xterm, GRADLE_HOME=C:\Gradle\gradle-4.7, asl.log=Destination=file, OneDrive=C:\Users\rjboy\OneDrive, APPDATA=C:\Users\rjboy\AppData\Roaming, JAVA_EXE=C:\Program Files\Java\jdk-9.0.4/bin/java.exe, ECLIPSE_HOME=C:\sts-bundle\sts-3.9.2.RELEASE, CommonProgramFiles=C:\Program Files\Common Files, Path=C:/Program Files/Java/jre1.8.0_162/bin/server;C:/Program Files/Java/jre1.8.0_162/bin;C:/Program Files/Java/jre1.8.0_162/lib/amd64;C:\Program Files\Docker\Docker\Resources\bin;c:\programdata\oracle\java\javapath;c:\windows\system32;c:\windows;c:\windows\system32\wbem;c:\windows\system32\windowspowershell\v1.0\;C:\WINDOWS\system32;C:\WINDOWS;C:\WINDOWS\System32\Wbem;C:\WINDOWS\System32\WindowsPowerShell\v1.0\;C:\Program Files (x86)\NVIDIA Corporation\PhysX\Common;C:\Gradle\gradle-4.7\bin;C:\Program Files\Java\jdk-9.0.4\bin;C:\Program Files\Git\cmd;C:\Program Files\Maven\apache-maven-3.5.3\bin;C:\Program Files\MySQL\MySQL Server 8.0\bin;C:\Users\rjboy\AppData\Local\Microsoft\WindowsApps;;C:\sts-bundle\sts-3.9.2.RELEASE;, OS=Windows_NT, COMPUTERNAME=ROB-PC, PROCESSOR_REVISION=5e03, CLASSPATH=C:\Gradle\gradle-4.7\bin\..\lib\gradle-launcher-4.7.jar, CommonProgramW6432=C:\Program Files\Common Files, ComSpec=C:\WINDOWS\system32\cmd.exe, APP_BASE_NAME=gradle, =D:=D:\Udemy\Spring_Framework_5\eclipse_projects\recipe-app-eclipse-mongodb-gradle, SystemRoot=C:\WINDOWS, TEMP=C:\Users\rjboy\AppData\Local\Temp, HOMEDRIVE=C:, USERPROFILE=C:\Users\rjboy, TMP=C:\Users\rjboy\AppData\Local\Temp, CommonProgramFiles(x86)=C:\Program Files (x86)\Common Files, NUMBER_OF_PROCESSORS=8}}]
18:09:46.779 [Test worker] DEBUG org.springframework.core.io.support.PathMatchingResourcePatternResolver - Resolved classpath location [guru/springframework/repositories/] to resources [URL [file:/D:/Udemy/Spring_Framework_5/eclipse_projects/recipe-app-eclipse-mongodb-gradle/build/classes/java/test/guru/springframework/repositories/], URL [file:/D:/Udemy/Spring_Framework_5/eclipse_projects/recipe-app-eclipse-mongodb-gradle/build/classes/java/main/guru/springframework/repositories/]]
18:09:46.780 [Test worker] DEBUG org.springframework.core.io.support.PathMatchingResourcePatternResolver - Looking for matching resources in directory tree [D:\Udemy\Spring_Framework_5\eclipse_projects\recipe-app-eclipse-mongodb-gradle\build\classes\java\test\guru\springframework\repositories]
18:09:46.780 [Test worker] DEBUG org.springframework.core.io.support.PathMatchingResourcePatternResolver - Searching directory [D:\Udemy\Spring_Framework_5\eclipse_projects\recipe-app-eclipse-mongodb-gradle\build\classes\java\test\guru\springframework\repositories] for files matching pattern [D:/Udemy/Spring_Framework_5/eclipse_projects/recipe-app-eclipse-mongodb-gradle/build/classes/java/test/guru/springframework/repositories/*.class]
18:09:46.782 [Test worker] DEBUG org.springframework.core.io.support.PathMatchingResourcePatternResolver - Looking for matching resources in directory tree [D:\Udemy\Spring_Framework_5\eclipse_projects\recipe-app-eclipse-mongodb-gradle\build\classes\java\main\guru\springframework\repositories]
18:09:46.783 [Test worker] DEBUG org.springframework.core.io.support.PathMatchingResourcePatternResolver - Searching directory [D:\Udemy\Spring_Framework_5\eclipse_projects\recipe-app-eclipse-mongodb-gradle\build\classes\java\main\guru\springframework\repositories] for files matching pattern [D:/Udemy/Spring_Framework_5/eclipse_projects/recipe-app-eclipse-mongodb-gradle/build/classes/java/main/guru/springframework/repositories/*.class]
18:09:46.784 [Test worker] DEBUG org.springframework.core.io.support.PathMatchingResourcePatternResolver - Resolved location pattern [classpath*:guru/springframework/repositories/*.class] to resources [file [D:\Udemy\Spring_Framework_5\eclipse_projects\recipe-app-eclipse-mongodb-gradle\build\classes\java\test\guru\springframework\repositories\UnitOfMeasureRepositoryIT.class], file [D:\Udemy\Spring_Framework_5\eclipse_projects\recipe-app-eclipse-mongodb-gradle\build\classes\java\main\guru\springframework\repositories\CategoryRepository.class], file [D:\Udemy\Spring_Framework_5\eclipse_projects\recipe-app-eclipse-mongodb-gradle\build\classes\java\main\guru\springframework\repositories\RecipeRepository.class], file [D:\Udemy\Spring_Framework_5\eclipse_projects\recipe-app-eclipse-mongodb-gradle\build\classes\java\main\guru\springframework\repositories\UnitOfMeasureRepository.class]]
18:09:46.797 [Test worker] DEBUG org.springframework.core.io.support.PathMatchingResourcePatternResolver - Resolved classpath location [guru/springframework/] to resources [URL [file:/D:/Udemy/Spring_Framework_5/eclipse_projects/recipe-app-eclipse-mongodb-gradle/build/classes/java/test/guru/springframework/], URL [file:/D:/Udemy/Spring_Framework_5/eclipse_projects/recipe-app-eclipse-mongodb-gradle/build/classes/java/main/guru/springframework/]]
18:09:46.797 [Test worker] DEBUG org.springframework.core.io.support.PathMatchingResourcePatternResolver - Looking for matching resources in directory tree [D:\Udemy\Spring_Framework_5\eclipse_projects\recipe-app-eclipse-mongodb-gradle\build\classes\java\test\guru\springframework]
18:09:46.797 [Test worker] DEBUG org.springframework.core.io.support.PathMatchingResourcePatternResolver - Searching directory [D:\Udemy\Spring_Framework_5\eclipse_projects\recipe-app-eclipse-mongodb-gradle\build\classes\java\test\guru\springframework] for files matching pattern [D:/Udemy/Spring_Framework_5/eclipse_projects/recipe-app-eclipse-mongodb-gradle/build/classes/java/test/guru/springframework/*.class]
18:09:46.798 [Test worker] DEBUG org.springframework.core.io.support.PathMatchingResourcePatternResolver - Looking for matching resources in directory tree [D:\Udemy\Spring_Framework_5\eclipse_projects\recipe-app-eclipse-mongodb-gradle\build\classes\java\main\guru\springframework]
18:09:46.798 [Test worker] DEBUG org.springframework.core.io.support.PathMatchingResourcePatternResolver - Searching directory [D:\Udemy\Spring_Framework_5\eclipse_projects\recipe-app-eclipse-mongodb-gradle\build\classes\java\main\guru\springframework] for files matching pattern [D:/Udemy/Spring_Framework_5/eclipse_projects/recipe-app-eclipse-mongodb-gradle/build/classes/java/main/guru/springframework/*.class]
18:09:46.799 [Test worker] DEBUG org.springframework.core.io.support.PathMatchingResourcePatternResolver - Resolved location pattern [classpath*:guru/springframework/*.class] to resources [file [D:\Udemy\Spring_Framework_5\eclipse_projects\recipe-app-eclipse-mongodb-gradle\build\classes\java\test\guru\springframework\Spring5RecipeAppApplicationTests.class], file [D:\Udemy\Spring_Framework_5\eclipse_projects\recipe-app-eclipse-mongodb-gradle\build\classes\java\main\guru\springframework\Spring5RecipeAppApplication.class]]
18:09:46.820 [Test worker] DEBUG org.springframework.context.annotation.ClassPathScanningCandidateComponentProvider - Identified candidate component class: file [D:\Udemy\Spring_Framework_5\eclipse_projects\recipe-app-eclipse-mongodb-gradle\build\classes\java\main\guru\springframework\Spring5RecipeAppApplication.class]
18:09:46.822 [Test worker] INFO org.springframework.boot.test.context.SpringBootTestContextBootstrapper - Found @SpringBootConfiguration guru.springframework.Spring5RecipeAppApplication for test class guru.springframework.repositories.UnitOfMeasureRepositoryIT
18:09:46.823 [Test worker] DEBUG org.springframework.boot.test.context.SpringBootTestContextBootstrapper - @TestExecutionListeners is not present for class [guru.springframework.repositories.UnitOfMeasureRepositoryIT]: using defaults.
18:09:46.824 [Test worker] INFO org.springframework.boot.test.context.SpringBootTestContextBootstrapper - Loaded default TestExecutionListener class names from location [META-INF/spring.factories]: [org.springframework.boot.test.autoconfigure.restdocs.RestDocsTestExecutionListener, org.springframework.boot.test.autoconfigure.web.client.MockRestServiceServerResetTestExecutionListener, org.springframework.boot.test.autoconfigure.web.servlet.MockMvcPrintOnlyOnFailureTestExecutionListener, org.springframework.boot.test.autoconfigure.web.servlet.WebDriverTestExecutionListener, org.springframework.boot.test.mock.mockito.MockitoTestExecutionListener, org.springframework.boot.test.mock.mockito.ResetMocksTestExecutionListener, org.springframework.test.context.web.ServletTestExecutionListener, org.springframework.test.context.support.DirtiesContextBeforeModesTestExecutionListener, org.springframework.test.context.support.DependencyInjectionTestExecutionListener, org.springframework.test.context.support.DirtiesContextTestExecutionListener, org.springframework.test.context.transaction.TransactionalTestExecutionListener, org.springframework.test.context.jdbc.SqlScriptsTestExecutionListener]
18:09:46.848 [Test worker] INFO org.springframework.boot.test.context.SpringBootTestContextBootstrapper - Using TestExecutionListeners: [org.springframework.test.context.web.ServletTestExecutionListener@2cd33e8c, org.springframework.test.context.support.DirtiesContextBeforeModesTestExecutionListener@44acd6be, org.springframework.boot.test.mock.mockito.MockitoTestExecutionListener@70044fb7, org.springframework.boot.test.autoconfigure.SpringBootDependencyInjectionTestExecutionListener@16fae45b, org.springframework.test.context.support.DirtiesContextTestExecutionListener@23e89f56, org.springframework.test.context.transaction.TransactionalTestExecutionListener@1d3a4b3, org.springframework.test.context.jdbc.SqlScriptsTestExecutionListener@53782ac9, org.springframework.boot.test.autoconfigure.restdocs.RestDocsTestExecutionListener@1261d4c1, org.springframework.boot.test.autoconfigure.web.client.MockRestServiceServerResetTestExecutionListener@7514ebf4, org.springframework.boot.test.autoconfigure.web.servlet.MockMvcPrintOnlyOnFailureTestExecutionListener@697e2fd9, org.springframework.boot.test.autoconfigure.web.servlet.WebDriverTestExecutionListener@7b427e5d, org.springframework.boot.test.mock.mockito.ResetMocksTestExecutionListener@67997a28]
18:09:46.851 [Test worker] DEBUG org.springframework.test.annotation.ProfileValueUtils - Retrieved @ProfileValueSourceConfiguration [null] for test class [guru.springframework.repositories.UnitOfMeasureRepositoryIT]
18:09:46.852 [Test worker] DEBUG org.springframework.test.annotation.ProfileValueUtils - Retrieved ProfileValueSource type [class org.springframework.test.annotation.SystemProfileValueSource] for class [guru.springframework.repositories.UnitOfMeasureRepositoryIT]
18:09:46.852 [Test worker] DEBUG org.springframework.test.annotation.ProfileValueUtils - Retrieved @ProfileValueSourceConfiguration [null] for test class [guru.springframework.repositories.UnitOfMeasureRepositoryIT]
18:09:46.852 [Test worker] DEBUG org.springframework.test.annotation.ProfileValueUtils - Retrieved ProfileValueSource type [class org.springframework.test.annotation.SystemProfileValueSource] for class [guru.springframework.repositories.UnitOfMeasureRepositoryIT]
18:09:46.857 [Test worker] DEBUG org.springframework.test.context.support.AbstractDirtiesContextTestExecutionListener - Before test class: context [DefaultTestContext@7024d2fc testClass = UnitOfMeasureRepositoryIT, testInstance = [null], testMethod = [null], testException = [null], mergedContextConfiguration = [MergedContextConfiguration@53693727 testClass = UnitOfMeasureRepositoryIT, locations = '{}', classes = '{class guru.springframework.Spring5RecipeAppApplication}', contextInitializerClasses = '[]', activeProfiles = '{}', propertySourceLocations = '{}', propertySourceProperties = '{org.springframework.boot.test.context.SpringBootTestContextBootstrapper=true}', contextCustomizers = set[org.springframework.boot.test.autoconfigure.OverrideAutoConfigurationContextCustomizerFactory$DisableAutoConfigurationContextCustomizer@2e6856bb, org.springframework.boot.test.autoconfigure.filter.TypeExcludeFiltersContextCustomizer@351584c0, org.springframework.boot.test.autoconfigure.properties.PropertyMappingContextCustomizer@9301c60c, org.springframework.boot.test.autoconfigure.web.servlet.WebDriverContextCustomizerFactory$Customizer@6a4a104e, [ImportsContextCustomizer@2ca1e339 key = [org.springframework.boot.autoconfigure.cache.CacheAutoConfiguration, org.springframework.boot.autoconfigure.data.mongo.MongoDataAutoConfiguration, org.springframework.boot.autoconfigure.data.mongo.MongoReactiveDataAutoConfiguration, org.springframework.boot.autoconfigure.data.mongo.MongoReactiveRepositoriesAutoConfiguration, org.springframework.boot.autoconfigure.data.mongo.MongoRepositoriesAutoConfiguration, org.springframework.boot.autoconfigure.mongo.MongoAutoConfiguration, org.springframework.boot.autoconfigure.mongo.MongoReactiveAutoConfiguration, org.springframework.boot.autoconfigure.mongo.embedded.EmbeddedMongoAutoConfiguration]], org.springframework.boot.test.context.filter.ExcludeFilterContextCustomizer@3c8b3d76, org.springframework.boot.test.json.DuplicateJsonObjectContextCustomizerFactory$DuplicateJsonObjectContextCustomizer@79c068c2, org.springframework.boot.test.mock.mockito.MockitoContextCustomizer@0], contextLoader = 'org.springframework.boot.test.context.SpringBootContextLoader', parent = [null]], attributes = map[[empty]]], class annotated with @DirtiesContext [false] with mode [null].
18:09:46.857 [Test worker] DEBUG org.springframework.test.annotation.ProfileValueUtils - Retrieved @ProfileValueSourceConfiguration [null] for test class [guru.springframework.repositories.UnitOfMeasureRepositoryIT]
18:09:46.857 [Test worker] DEBUG org.springframework.test.annotation.ProfileValueUtils - Retrieved ProfileValueSource type [class org.springframework.test.annotation.SystemProfileValueSource] for class [guru.springframework.repositories.UnitOfMeasureRepositoryIT]
18:09:46.862 [Test worker] DEBUG org.springframework.test.context.support.DependencyInjectionTestExecutionListener - Performing dependency injection for test context [[DefaultTestContext@7024d2fc testClass = UnitOfMeasureRepositoryIT, testInstance = guru.springframework.repositories.UnitOfMeasureRepositoryIT@5a46697e, testMethod = [null], testException = [null], mergedContextConfiguration = [MergedContextConfiguration@53693727 testClass = UnitOfMeasureRepositoryIT, locations = '{}', classes = '{class guru.springframework.Spring5RecipeAppApplication}', contextInitializerClasses = '[]', activeProfiles = '{}', propertySourceLocations = '{}', propertySourceProperties = '{org.springframework.boot.test.context.SpringBootTestContextBootstrapper=true}', contextCustomizers = set[org.springframework.boot.test.autoconfigure.OverrideAutoConfigurationContextCustomizerFactory$DisableAutoConfigurationContextCustomizer@2e6856bb, org.springframework.boot.test.autoconfigure.filter.TypeExcludeFiltersContextCustomizer@351584c0, org.springframework.boot.test.autoconfigure.properties.PropertyMappingContextCustomizer@9301c60c, org.springframework.boot.test.autoconfigure.web.servlet.WebDriverContextCustomizerFactory$Customizer@6a4a104e, [ImportsContextCustomizer@2ca1e339 key = [org.springframework.boot.autoconfigure.cache.CacheAutoConfiguration, org.springframework.boot.autoconfigure.data.mongo.MongoDataAutoConfiguration, org.springframework.boot.autoconfigure.data.mongo.MongoReactiveDataAutoConfiguration, org.springframework.boot.autoconfigure.data.mongo.MongoReactiveRepositoriesAutoConfiguration, org.springframework.boot.autoconfigure.data.mongo.MongoRepositoriesAutoConfiguration, org.springframework.boot.autoconfigure.mongo.MongoAutoConfiguration, org.springframework.boot.autoconfigure.mongo.MongoReactiveAutoConfiguration, org.springframework.boot.autoconfigure.mongo.embedded.EmbeddedMongoAutoConfiguration]], org.springframework.boot.test.context.filter.ExcludeFilterContextCustomizer@3c8b3d76, org.springframework.boot.test.json.DuplicateJsonObjectContextCustomizerFactory$DuplicateJsonObjectContextCustomizer@79c068c2, org.springframework.boot.test.mock.mockito.MockitoContextCustomizer@0], contextLoader = 'org.springframework.boot.test.context.SpringBootContextLoader', parent = [null]], attributes = map[[empty]]]].
18:09:46.887 [Test worker] DEBUG org.springframework.core.env.StandardEnvironment - Adding PropertySource 'systemProperties' with lowest search precedence
18:09:46.887 [Test worker] DEBUG org.springframework.core.env.StandardEnvironment - Adding PropertySource 'systemEnvironment' with lowest search precedence
18:09:46.887 [Test worker] DEBUG org.springframework.core.env.StandardEnvironment - Initialized StandardEnvironment with PropertySources [MapPropertySource@2052064427 {name='systemProperties', properties={sun.desktop=windows, awt.toolkit=sun.awt.windows.WToolkit, java.specification.version=9, file.encoding.pkg=sun.io, sun.cpu.isalist=amd64, sun.jnu.encoding=Cp1252, org.gradle.test.worker=1, java.class.path=C:\\Users\\rjboy\\.gradle\\caches\\4.7\\workerMain\\gradle-worker.jar;D:\\Udemy\\Spring_Framework_5\\eclipse_projects\\recipe-app-eclipse-mongodb-gradle\\build\\classes\\java\\test;D:\\Udemy\\Spring_Framework_5\\eclipse_projects\\recipe-app-eclipse-mongodb-gradle\\build\\resources\\test;D:\\Udemy\\Spring_Framework_5\\eclipse_projects\\recipe-app-eclipse-mongodb-gradle\\build\\classes\\java\\main;D:\\Udemy\\Spring_Framework_5\\eclipse_projects\\recipe-app-eclipse-mongodb-gradle\\build\\resources\\main;C:\\Users\\rjboy\\.gradle\\caches\\modules-2\\files-2.1\\org.springframework.boot\\spring-boot-starter-data-mongodb\\2.0.2.RELEASE\\b7ea7325e4609728db2da641c5071d7a9972c4f\\spring-boot-starter-data-mongodb-2.0.2.RELEASE.jar;C:\\Users\\rjboy\\.gradle\\caches\\modules-2\\files-2.1\\cz.jirutka.spring\\embedmongo-spring\\1.3.1\\b109b79d54367b96eea1409d75d03421c48ed870\\embedmongo-spring-1.3.1.jar;C:\\Users\\rjboy\\.gradle\\caches\\modules-2\\files-2.1\\de.flapdoodle.embed\\de.flapdoodle.embed.mongo\\2.0.3\\ebd8f3f05a4095877b4ca73a1fbd5ac2e9efb853\\de.flapdoodle.embed.mongo-2.0.3.jar;C:\\Users\\rjboy\\.gradle\\caches\\modules-2\\files-2.1\\org.springframework.boot\\spring-boot-starter-thymeleaf\\2.0.2.RELEASE\\1384e93480a1555897cfbec4592a41173acae714\\spring-boot-starter-thymeleaf-2.0.2.RELEASE.jar;C:\\Users\\rjboy\\.gradle\\caches\\modules-2\\files-2.1\\org.springframework.boot\\spring-boot-starter-web\\2.0.2.RELEASE\\b6ef0cf4d0a7c6c7e93ff524b84cd1d8f87f67d9\\spring-boot-starter-web-2.0.2.RELEASE.jar;C:\\Users\\rjboy\\.gradle\\caches\\modules-2\\files-2.1\\org.webjars\\bootstrap\\3.3.7\\d6aeba80236573ed585baa657dac2b951caa8e7e\\bootstrap-3.3.7.jar;C:\\Users\\rjboy\\.gradle\\caches\\modules-2\\files-2.1\\org.springframework.boot\\spring-boot-devtools\\2.0.2.RELEASE\\ed2b1c877b0c00ef7f961bd118e420a49de3c970\\spring-boot-devtools-2.0.2.RELEASE.jar;C:\\Users\\rjboy\\.gradle\\caches\\modules-2\\files-2.1\\org.springframework.boot\\spring-boot-starter-test\\2.0.2.RELEASE\\d9e090412f318586e0f277e24740b79b58ef190b\\spring-boot-starter-test-2.0.2.RELEASE.jar;C:\\Users\\rjboy\\.gradle\\caches\\modules-2\\files-2.1\\org.springframework.boot\\spring-boot-starter-json\\2.0.2.RELEASE\\5edda979838ced5314b8f58a958fe9d6b4b3badd\\spring-boot-starter-json-2.0.2.RELEASE.jar;C:\\Users\\rjboy\\.gradle\\caches\\modules-2\\files-2.1\\org.springframework.boot\\spring-boot-starter\\2.0.2.RELEASE\\1cda94f0dfcf2b065191782a54b84d2abf96391\\spring-boot-starter-2.0.2.RELEASE.jar;C:\\Users\\rjboy\\.gradle\\caches\\modules-2\\files-2.1\\org.mongodb\\mongodb-driver\\3.6.3\\d462fcc4640ac69b35e7cd2491e992c6bdf82862\\mongodb-driver-3.6.3.jar;C:\\Users\\rjboy\\.gradle\\caches\\modules-2\\files-2.1\\org.springframework.data\\spring-data-mongodb\\2.0.7.RELEASE\\e5c5d40d4dce7ce909e1dce87baddeeba934e1f0\\spring-data-mongodb-2.0.7.RELEASE.jar;C:\\Users\\rjboy\\.gradle\\caches\\modules-2\\files-2.1\\de.flapdoodle.embed\\de.flapdoodle.embed.process\\2.0.2\\7fe480f5a233ca5a485d8f5f48616f749adf1807\\de.flapdoodle.embed.process-2.0.2.jar;C:\\Users\\rjboy\\.gradle\\caches\\modules-2\\files-2.1\\org.mongodb\\mongo-java-driver\\3.6.3\\237cbf74df3441c172e80ca676dc967166625ff9\\mongo-java-driver-3.6.3.jar;C:\\Users\\rjboy\\.gradle\\caches\\modules-2\\files-2.1\\org.thymeleaf\\thymeleaf-spring5\\3.0.9.RELEASE\\abf84efd83808a70d982d2790f7f3a7bd3a39cf4\\thymeleaf-spring5-3.0.9.RELEASE.jar;C:\\Users\\rjboy\\.gradle\\caches\\modules-2\\files-2.1\\org.thymeleaf.extras\\thymeleaf-extras-java8time\\3.0.1.RELEASE\\d23760d1e53cd70c489ef40dc94ee6bd2371cceb\\thymeleaf-extras-java8time-3.0.1.RELEASE.jar;C:\\Users\\rjboy\\.gradle\\caches\\modules-2\\files-2.1\\com.jayway.jsonpath\\json-path\\2.4.0\\765a4401ceb2dc8d40553c2075eb80a8fa35c2ae\\json-path-2.4.0.jar;C:\\Users\\rjboy\\.gradle\\caches\\modules-2\\files-2.1\\org.springframework.data\\spring-data-commons\\2.0.7.RELEASE\\7faa0fb2ffa50a5c50ad9f10118095ae24d5c6e1\\spring-data-commons-2.0.7.RELEASE.jar;C:\\Users\\rjboy\\.gradle\\caches\\modules-2\\files-2.1\\org.thymeleaf\\thymeleaf\\3.0.9.RELEASE\\64185cca50ac808ad034841c84b4013f955465d2\\thymeleaf-3.0.9.RELEASE.jar;C:\\Users\\rjboy\\.gradle\\caches\\modules-2\\files-2.1\\org.springframework.boot\\spring-boot-starter-logging\\2.0.2.RELEASE\\b56d7d1931792d6e58dbd41f956912359ba85238\\spring-boot-starter-logging-2.0.2.RELEASE.jar;C:\\Users\\rjboy\\.gradle\\caches\\modules-2\\files-2.1\\ch.qos.logback\\logback-classic\\1.2.3\\7c4f3c474fb2c041d8028740440937705ebb473a\\logback-classic-1.2.3.jar;C:\\Users\\rjboy\\.gradle\\caches\\modules-2\\files-2.1\\org.apache.logging.log4j\\log4j-to-slf4j\\2.10.0\\f7e631ccf49cfc0aefa4a2a728da7d374c05bd3c\\log4j-to-slf4j-2.10.0.jar;C:\\Users\\rjboy\\.gradle\\caches\\modules-2\\files-2.1\\org.slf4j\\jul-to-slf4j\\1.7.25\\af5364cd6679bfffb114f0dec8a157aaa283b76\\jul-to-slf4j-1.7.25.jar;C:\\Users\\rjboy\\.gradle\\caches\\modules-2\\files-2.1\\org.slf4j\\slf4j-api\\1.7.25\\da76ca59f6a57ee3102f8f9bd9cee742973efa8a\\slf4j-api-1.7.25.jar;C:\\Users\\rjboy\\.gradle\\caches\\modules-2\\files-2.1\\org.springframework.boot\\spring-boot-starter-tomcat\\2.0.2.RELEASE\\cedbfb18762e1c220007c768bfc5b773f5b30f8a\\spring-boot-starter-tomcat-2.0.2.RELEASE.jar;C:\\Users\\rjboy\\.gradle\\caches\\modules-2\\files-2.1\\org.hibernate.validator\\hibernate-validator\\6.0.9.Final\\b149e4cce82379f11f6129eb3187ca8ae5404005\\hibernate-validator-6.0.9.Final.jar;C:\\Users\\rjboy\\.gradle\\caches\\modules-2\\files-2.1\\org.springframework\\spring-webmvc\\5.0.6.RELEASE\\1361c5d1cf46665ee01de5dc1ca447c3be174c19\\spring-webmvc-5.0.6.RELEASE.jar;C:\\Users\\rjboy\\.gradle\\caches\\modules-2\\files-2.1\\org.springframework\\spring-web\\5.0.6.RELEASE\\89e89de3025165998118590613aedc6df8d64af6\\spring-web-5.0.6.RELEASE.jar;C:\\Users\\rjboy\\.gradle\\caches\\modules-2\\files-2.1\\org.webjars\\jquery\\1.11.1\\195eda53ac8beba7bff08f9919b48c954c858590\\jquery-1.11.1.jar;C:\\Users\\rjboy\\.gradle\\caches\\modules-2\\files-2.1\\org.springframework.boot\\spring-boot-test-autoconfigure\\2.0.2.RELEASE\\4993bdd96a4c02bc5b5703862d99ef4c563f25d0\\spring-boot-test-autoconfigure-2.0.2.RELEASE.jar;C:\\Users\\rjboy\\.gradle\\caches\\modules-2\\files-2.1\\org.springframework.boot\\spring-boot-autoconfigure\\2.0.2.RELEASE\\f4b25e753e4955337a138d8b1550236b5efe5b3b\\spring-boot-autoconfigure-2.0.2.RELEASE.jar;C:\\Users\\rjboy\\.gradle\\caches\\modules-2\\files-2.1\\org.springframework.boot\\spring-boot-test\\2.0.2.RELEASE\\fc85812e6543312a3b0ea9fbbdfd4a51183380a3\\spring-boot-test-2.0.2.RELEASE.jar;C:\\Users\\rjboy\\.gradle\\caches\\modules-2\\files-2.1\\org.springframework.boot\\spring-boot\\2.0.2.RELEASE\\15012cf02e9f77938244e554f0598535fdd1cb38\\spring-boot-2.0.2.RELEASE.jar;C:\\Users\\rjboy\\.gradle\\caches\\modules-2\\files-2.1\\junit\\junit\\4.12\\2973d150c0dc1fefe998f834810d68f278ea58ec\\junit-4.12.jar;C:\\Users\\rjboy\\.gradle\\caches\\modules-2\\files-2.1\\org.assertj\\assertj-core\\3.9.1\\c5ce126b15f28d56cd8f960c1a6a058b9c9aea87\\assertj-core-3.9.1.jar;C:\\Users\\rjboy\\.gradle\\caches\\modules-2\\files-2.1\\org.mockito\\mockito-core\\2.15.0\\b84bfbbc29cd22c9529409627af6ea2897f4fa85\\mockito-core-2.15.0.jar;C:\\Users\\rjboy\\.gradle\\caches\\modules-2\\files-2.1\\org.hamcrest\\hamcrest-library\\1.3\\4785a3c21320980282f9f33d0d1264a69040538f\\hamcrest-library-1.3.jar;C:\\Users\\rjboy\\.gradle\\caches\\modules-2\\files-2.1\\org.hamcrest\\hamcrest-core\\1.3\\42a25dc3219429f0e5d060061f71acb49bf010a0\\hamcrest-core-1.3.jar;C:\\Users\\rjboy\\.gradle\\caches\\modules-2\\files-2.1\\org.skyscreamer\\jsonassert\\1.5.0\\6c9d5fe2f59da598d9aefc1cfc6528ff3cf32df3\\jsonassert-1.5.0.jar;C:\\Users\\rjboy\\.gradle\\caches\\modules-2\\files-2.1\\org.springframework\\spring-test\\5.0.6.RELEASE\\dbc99b288774b2e07d94bc14fe38d556bc3ed34a\\spring-test-5.0.6.RELEASE.jar;C:\\Users\\rjboy\\.gradle\\caches\\modules-2\\files-2.1\\org.springframework\\spring-tx\\5.0.6.RELEASE\\1b6ffc44f2d59507a0fce1084fcc21788b13904\\spring-tx-5.0.6.RELEASE.jar;C:\\Users\\rjboy\\.gradle\\caches\\modules-2\\files-2.1\\org.springframework\\spring-context\\5.0.6.RELEASE\\8b73b742ef0ddce04f0f1068f305de240b00ce0d\\spring-context-5.0.6.RELEASE.jar;C:\\Users\\rjboy\\.gradle\\caches\\modules-2\\files-2.1\\org.springframework\\spring-aop\\5.0.6.RELEASE\\74078df698992054c1c1a8f705763a6c7b4b914c\\spring-aop-5.0.6.RELEASE.jar;C:\\Users\\rjboy\\.gradle\\caches\\modules-2\\files-2.1\\org.springframework\\spring-beans\\5.0.6.RELEASE\\d609b83cd8a71650a70778cf8d02c9a05b9161fe\\spring-beans-5.0.6.RELEASE.jar;C:\\Users\\rjboy\\.gradle\\caches\\modules-2\\files-2.1\\org.springframework\\spring-expression\\5.0.6.RELEASE\\dec57ae5e6f0dfd4c6cfc199aa13ed268c3e1a65\\spring-expression-5.0.6.RELEASE.jar;C:\\Users\\rjboy\\.gradle\\caches\\modules-2\\files-2.1\\org.springframework\\spring-core\\5.0.6.RELEASE\\984a52455b1be596b7f1a29f62d21d2f483eb764\\spring-core-5.0.6.RELEASE.jar;C:\\Users\\rjboy\\.gradle\\caches\\modules-2\\files-2.1\\org.xmlunit\\xmlunit-core\\2.5.1\\4ffdb346572a7356f7521cd3119ce5287d2e339d\\xmlunit-core-2.5.1.jar;C:\\Users\\rjboy\\.gradle\\caches\\modules-2\\files-2.1\\javax.annotation\\javax.annotation-api\\1.3.2\\934c04d3cfef185a8008e7bf34331b79730a9d43\\javax.annotation-api-1.3.2.jar;C:\\Users\\rjboy\\.gradle\\caches\\modules-2\\files-2.1\\org.yaml\\snakeyaml\\1.19\\2d998d3d674b172a588e54ab619854d073f555b5\\snakeyaml-1.19.jar;C:\\Users\\rjboy\\.gradle\\caches\\modules-2\\files-2.1\\org.mongodb\\mongodb-driver-core\\3.6.3\\f2c41ad5349cdb65a6f7bde16f5ebae9a0dbe5f5\\mongodb-driver-core-3.6.3.jar;C:\\Users\\rjboy\\.gradle\\caches\\modules-2\\files-2.1\\org.mongodb\\bson\\3.6.3\\6c85ddf1fc96eb8776213bef6665d005a564ecd3\\bson-3.6.3.jar;C:\\Users\\rjboy\\.gradle\\caches\\modules-2\\files-2.1\\commons-io\\commons-io\\2.4\\b1b6ea3b7e4aa4f492509a4952029cd8e48019ad\\commons-io-2.4.jar;C:\\Users\\rjboy\\.gradle\\caches\\modules-2\\files-2.1\\org.apache.commons\\commons-lang3\\3.7\\557edd918fd41f9260963583ebf5a61a43a6b423\\commons-lang3-3.7.jar;C:\\Users\\rjboy\\.gradle\\caches\\modules-2\\files-2.1\\net.java.dev.jna\\jna-platform\\4.5.1\\117d52c9f672d8b7ea80a81464c33ef843de9254\\jna-platform-4.5.1.jar;C:\\Users\\rjboy\\.gradle\\caches\\modules-2\\files-2.1\\net.java.dev.jna\\jna\\4.5.1\\65bd0cacc9c79a21c6ed8e9f588577cd3c2f85b9\\jna-4.5.1.jar;C:\\Users\\rjboy\\.gradle\\caches\\modules-2\\files-2.1\\org.apache.commons\\commons-compress\\1.10\\5eeb27c57eece1faf2d837868aeccc94d84dcc9a\\commons-compress-1.10.jar;C:\\Users\\rjboy\\.gradle\\caches\\modules-2\\files-2.1\\com.fasterxml.jackson.datatype\\jackson-datatype-jdk8\\2.9.5\\23e37f085279ba316c0df923513b81609e1d1f6\\jackson-datatype-jdk8-2.9.5.jar;C:\\Users\\rjboy\\.gradle\\caches\\modules-2\\files-2.1\\com.fasterxml.jackson.datatype\\jackson-datatype-jsr310\\2.9.5\\d1f0d11e816bc04e222a261106ca138801841c2d\\jackson-datatype-jsr310-2.9.5.jar;C:\\Users\\rjboy\\.gradle\\caches\\modules-2\\files-2.1\\com.fasterxml.jackson.module\\jackson-module-parameter-names\\2.9.5\\f824c60751ffb7bfc3a0d30dfe0e42317d8e67f5\\jackson-module-parameter-names-2.9.5.jar;C:\\Users\\rjboy\\.gradle\\caches\\modules-2\\files-2.1\\com.fasterxml.jackson.core\\jackson-databind\\2.9.5\\3490508379d065fe3fcb80042b62f630f7588606\\jackson-databind-2.9.5.jar;C:\\Users\\rjboy\\.gradle\\caches\\modules-2\\files-2.1\\org.apache.tomcat.embed\\tomcat-embed-websocket\\8.5.31\\6564e716b89de5eaa0dd234ae7989576503ddf3\\tomcat-embed-websocket-8.5.31.jar;C:\\Users\\rjboy\\.gradle\\caches\\modules-2\\files-2.1\\org.apache.tomcat.embed\\tomcat-embed-core\\8.5.31\\f5adf7ed8c34aa005b22b6a2dc7b6796e10e9c79\\tomcat-embed-core-8.5.31.jar;C:\\Users\\rjboy\\.gradle\\caches\\modules-2\\files-2.1\\org.apache.tomcat.embed\\tomcat-embed-el\\8.5.31\\3a536e1ac71b82627c3a7408eb38fa0704cb9034\\tomcat-embed-el-8.5.31.jar;C:\\Users\\rjboy\\.gradle\\caches\\modules-2\\files-2.1\\javax.validation\\validation-api\\2.0.1.Final\\cb855558e6271b1b32e716d24cb85c7f583ce09e\\validation-api-2.0.1.Final.jar;C:\\Users\\rjboy\\.gradle\\caches\\modules-2\\files-2.1\\org.jboss.logging\\jboss-logging\\3.3.2.Final\\3789d00e859632e6c6206adc0c71625559e6e3b0\\jboss-logging-3.3.2.Final.jar;C:\\Users\\rjboy\\.gradle\\caches\\modules-2\\files-2.1\\com.fasterxml\\classmate\\1.3.4\\3d5f48f10bbe4eb7bd862f10c0583be2e0053c6\\classmate-1.3.4.jar;C:\\Users\\rjboy\\.gradle\\caches\\modules-2\\files-2.1\\net.minidev\\json-smart\\2.3\\7396407491352ce4fa30de92efb158adb76b5b\\json-smart-2.3.jar;C:\\Users\\rjboy\\.gradle\\caches\\modules-2\\files-2.1\\net.bytebuddy\\byte-buddy\\1.7.11\\f02857a4e2c66ccbe7aaad6100a0a6c461bce9b3\\byte-buddy-1.7.11.jar;C:\\Users\\rjboy\\.gradle\\caches\\modules-2\\files-2.1\\net.bytebuddy\\byte-buddy-agent\\1.7.11\\b425a8933ca07edd03c6dbc8bc3b595fba9780de\\byte-buddy-agent-1.7.11.jar;C:\\Users\\rjboy\\.gradle\\caches\\modules-2\\files-2.1\\org.objenesis\\objenesis\\2.6\\639033469776fd37c08358c6b92a4761feb2af4b\\objenesis-2.6.jar;C:\\Users\\rjboy\\.gradle\\caches\\modules-2\\files-2.1\\com.vaadin.external.google\\android-json\\0.0.20131108.vaadin1\\fa26d351fe62a6a17f5cda1287c1c6110dec413f\\android-json-0.0.20131108.vaadin1.jar;C:\\Users\\rjboy\\.gradle\\caches\\modules-2\\files-2.1\\org.springframework\\spring-jcl\\5.0.6.RELEASE\\295ee4e8657e9c1fd327735c01d5fbce339cc44d\\spring-jcl-5.0.6.RELEASE.jar;C:\\Users\\rjboy\\.gradle\\caches\\modules-2\\files-2.1\\org.attoparser\\attoparser\\2.0.4.RELEASE\\5cf02c4d8303a81f0c80971bb1dcd40d3ba96009\\attoparser-2.0.4.RELEASE.jar;C:\\Users\\rjboy\\.gradle\\caches\\modules-2\\files-2.1\\org.unbescape\\unbescape\\1.1.5.RELEASE\\46dc644ea9c234317d926ebac5bf5d8f114dc1ba\\unbescape-1.1.5.RELEASE.jar;C:\\Users\\rjboy\\.gradle\\caches\\modules-2\\files-2.1\\com.fasterxml.jackson.core\\jackson-annotations\\2.9.0\\7c10d545325e3a6e72e06381afe469fd40eb701\\jackson-annotations-2.9.0.jar;C:\\Users\\rjboy\\.gradle\\caches\\modules-2\\files-2.1\\com.fasterxml.jackson.core\\jackson-core\\2.9.5\\a22ac51016944b06fd9ffbc9541c6e7ce5eea117\\jackson-core-2.9.5.jar;C:\\Users\\rjboy\\.gradle\\caches\\modules-2\\files-2.1\\net.minidev\\accessors-smart\\1.2\\c592b500269bfde36096641b01238a8350f8aa31\\accessors-smart-1.2.jar;C:\\Users\\rjboy\\.gradle\\caches\\modules-2\\files-2.1\\ch.qos.logback\\logback-core\\1.2.3\\864344400c3d4d92dfeb0a305dc87d953677c03c\\logback-core-1.2.3.jar;C:\\Users\\rjboy\\.gradle\\caches\\modules-2\\files-2.1\\org.apache.logging.log4j\\log4j-api\\2.10.0\\fec5797a55b786184a537abd39c3fa1449d752d6\\log4j-api-2.10.0.jar;C:\\Users\\rjboy\\.gradle\\caches\\modules-2\\files-2.1\\org.ow2.asm\\asm\\5.0.4\\da08b8cce7bbf903602a25a3a163ae252435795\\asm-5.0.4.jar, java.vm.vendor=Oracle Corporation, sun.arch.data.model=64, user.variant=, java.vendor.url=http://java.oracle.com/, user.timezone=America/New_York, os.name=Windows 10, java.vm.specification.version=9, user.country=US, sun.java.launcher=SUN_STANDARD, sun.boot.library.path=C:\Program Files\Java\jdk-9.0.4\bin, sun.java.command=worker.org.gradle.process.internal.worker.GradleWorkerMain 'Gradle Test Executor 1', jdk.debug=release, sun.cpu.endian=little, user.home=C:\Users\rjboy, user.language=en, java.specification.vendor=Oracle Corporation, org.gradle.native=false, java.home=C:\Program Files\Java\jdk-9.0.4, file.separator=\, java.vm.compressedOopsMode=Zero based, line.separator=
, java.specification.name=Java Platform API Specification, java.vm.specification.vendor=Oracle Corporation, java.awt.graphicsenv=sun.awt.Win32GraphicsEnvironment, user.script=, sun.management.compiler=HotSpot 64-Bit Tiered Compilers, java.runtime.version=9.0.4+11, user.name=rjboy, path.separator=;, os.version=10.0, java.runtime.name=Java(TM) SE Runtime Environment, file.encoding=windows-1252, java.vm.name=Java HotSpot(TM) 64-Bit Server VM, java.vendor.url.bug=http://bugreport.java.com/bugreport/, java.io.tmpdir=C:\Users\rjboy\AppData\Local\Temp\, java.version=9.0.4, user.dir=D:\Udemy\Spring_Framework_5\eclipse_projects\recipe-app-eclipse-mongodb-gradle, os.arch=amd64, java.vm.specification.name=Java Virtual Machine Specification, java.awt.printerjob=sun.awt.windows.WPrinterJob, sun.os.patch.level=, java.library.path=C:\Program Files\Java\jdk-9.0.4\bin;C:\WINDOWS\Sun\Java\bin;C:\WINDOWS\system32;C:\WINDOWS;C:/Program Files/Java/jre1.8.0_162/bin/server;C:/Program Files/Java/jre1.8.0_162/bin;C:/Program Files/Java/jre1.8.0_162/lib/amd64;C:\Program Files\Docker\Docker\Resources\bin;c:\programdata\oracle\java\javapath;c:\windows\system32;c:\windows;c:\windows\system32\wbem;c:\windows\system32\windowspowershell\v1.0\;C:\WINDOWS\system32;C:\WINDOWS;C:\WINDOWS\System32\Wbem;C:\WINDOWS\System32\WindowsPowerShell\v1.0\;C:\Program Files (x86)\NVIDIA Corporation\PhysX\Common;C:\Gradle\gradle-4.7\bin;C:\Program Files\Java\jdk-9.0.4\bin;C:\Program Files\Git\cmd;C:\Program Files\Maven\apache-maven-3.5.3\bin;C:\Program Files\MySQL\MySQL Server 8.0\bin;C:\Users\rjboy\AppData\Local\Microsoft\WindowsApps;;C:\sts-bundle\sts-3.9.2.RELEASE;;., java.vm.info=mixed mode, java.vendor=Oracle Corporation, java.vm.version=9.0.4+11, sun.io.unicode.encoding=UnicodeLittle, java.class.version=53.0}}, SystemEnvironmentPropertySource@1906230069 {name='systemEnvironment', properties={USERDOMAIN_ROAMINGPROFILE=ROB-PC, PROCESSOR_LEVEL=6, SESSIONNAME=Console, ALLUSERSPROFILE=C:\ProgramData, PROCESSOR_ARCHITECTURE=AMD64, PSModulePath=C:\Program Files\WindowsPowerShell\Modules;C:\WINDOWS\system32\WindowsPowerShell\v1.0\Modules, SystemDrive=C:, JRE_HOME=C:\Program Files\Java\jre-9.0.4, MAVEN_HOME=C:\Program Files\Maven\apache-maven-3.5.3, DIRNAME=C:\Gradle\gradle-4.7\bin\, USERNAME=rjboy, CMD_LINE_ARGS=clean test jacocoTestReport, ProgramFiles(x86)=C:\Program Files (x86), FPS_BROWSER_USER_PROFILE_STRING=Default, APP_HOME=C:\Gradle\gradle-4.7\bin\.., PATHEXT=.COM;.EXE;.BAT;.CMD;.VBS;.VBE;.JS;.JSE;.WSF;.WSH;.MSC, ECLIPSE_WORKSPACE=D:\Udemy\Spring_Framework_5\eclipse_projects, ProgramData=C:\ProgramData, ProgramW6432=C:\Program Files, HOMEPATH=\Users\rjboy, PROCESSOR_IDENTIFIER=Intel64 Family 6 Model 94 Stepping 3, GenuineIntel, M2_HOME=C:\Program Files\Maven\apache-maven-3.5.3, ProgramFiles=C:\Program Files, PUBLIC=C:\Users\Public, windir=C:\WINDOWS, _SKIP=2, LOCALAPPDATA=C:\Users\rjboy\AppData\Local, USERDOMAIN=ROB-PC, FPS_BROWSER_APP_PROFILE_STRING=Internet Explorer, LOGONSERVER=\\ROB-PC, JAVA_HOME=C:\Program Files\Java\jdk-9.0.4, PROMPT=$P$G, TERM=xterm, GRADLE_HOME=C:\Gradle\gradle-4.7, asl.log=Destination=file, OneDrive=C:\Users\rjboy\OneDrive, APPDATA=C:\Users\rjboy\AppData\Roaming, JAVA_EXE=C:\Program Files\Java\jdk-9.0.4/bin/java.exe, ECLIPSE_HOME=C:\sts-bundle\sts-3.9.2.RELEASE, CommonProgramFiles=C:\Program Files\Common Files, Path=C:/Program Files/Java/jre1.8.0_162/bin/server;C:/Program Files/Java/jre1.8.0_162/bin;C:/Program Files/Java/jre1.8.0_162/lib/amd64;C:\Program Files\Docker\Docker\Resources\bin;c:\programdata\oracle\java\javapath;c:\windows\system32;c:\windows;c:\windows\system32\wbem;c:\windows\system32\windowspowershell\v1.0\;C:\WINDOWS\system32;C:\WINDOWS;C:\WINDOWS\System32\Wbem;C:\WINDOWS\System32\WindowsPowerShell\v1.0\;C:\Program Files (x86)\NVIDIA Corporation\PhysX\Common;C:\Gradle\gradle-4.7\bin;C:\Program Files\Java\jdk-9.0.4\bin;C:\Program Files\Git\cmd;C:\Program Files\Maven\apache-maven-3.5.3\bin;C:\Program Files\MySQL\MySQL Server 8.0\bin;C:\Users\rjboy\AppData\Local\Microsoft\WindowsApps;;C:\sts-bundle\sts-3.9.2.RELEASE;, OS=Windows_NT, COMPUTERNAME=ROB-PC, PROCESSOR_REVISION=5e03, CLASSPATH=C:\Gradle\gradle-4.7\bin\..\lib\gradle-launcher-4.7.jar, CommonProgramW6432=C:\Program Files\Common Files, ComSpec=C:\WINDOWS\system32\cmd.exe, APP_BASE_NAME=gradle, =D:=D:\Udemy\Spring_Framework_5\eclipse_projects\recipe-app-eclipse-mongodb-gradle, SystemRoot=C:\WINDOWS, TEMP=C:\Users\rjboy\AppData\Local\Temp, HOMEDRIVE=C:, USERPROFILE=C:\Users\rjboy, TMP=C:\Users\rjboy\AppData\Local\Temp, CommonProgramFiles(x86)=C:\Program Files (x86)\Common Files, NUMBER_OF_PROCESSORS=8}}]
18:09:46.927 [Test worker] DEBUG org.springframework.test.context.support.TestPropertySourceUtils - Adding inlined properties to environment: {spring.jmx.enabled=false, org.springframework.boot.test.context.SpringBootTestContextBootstrapper=true, server.port=-1}
18:09:46.928 [Test worker] DEBUG org.springframework.core.env.StandardEnvironment - Adding PropertySource 'Inlined Test Properties' with highest search precedence

  .   ____          _            __ _ _
 /\\ / ___'_ __ _ _(_)_ __  __ _ \ \ \ \
( ( )\___ | '_ | '_| | '_ \/ _` | \ \ \ \
 \\/  ___)| |_)| | | | | || (_| |  ) ) ) )
  '  |____| .__|_| |_|_| |_\__, | / / / /
 =========|_|==============|___/=/_/_/_/
 :: Spring Boot ::        (v2.0.2.RELEASE)

2018-05-14 18:09:47.342  INFO 5712 --- [    Test worker] g.s.r.UnitOfMeasureRepositoryIT          : Starting UnitOfMeasureRepositoryIT on ROB-PC with PID 5712 (started by rjboy in D:\Udemy\Spring_Framework_5\eclipse_projects\recipe-app-eclipse-mongodb-gradle)
2018-05-14 18:09:47.348  INFO 5712 --- [    Test worker] g.s.r.UnitOfMeasureRepositoryIT          : No active profile set, falling back to default profiles: default
2018-05-14 18:09:47.370  INFO 5712 --- [    Test worker] s.c.a.AnnotationConfigApplicationContext : Refreshing org.springframework.context.annotation.AnnotationConfigApplicationContext@2cecd3a4: startup date [Mon May 14 18:09:47 EDT 2018]; root of context hierarchy
2018-05-14 18:09:48.647  INFO 5712 --- [    Test worker] d.f.embed.process.runtime.Executable     : start de.flapdoodle.embed.mongo.config.MongodConfigBuilder$ImmutableMongodConfig@1b349190
2018-05-14 18:09:49.098  INFO 5712 --- [    Test worker] org.mongodb.driver.cluster               : Cluster created with settings {hosts=[localhost:57252], mode=MULTIPLE, requiredClusterType=UNKNOWN, serverSelectionTimeout='30000 ms', maxWaitQueueSize=500}
2018-05-14 18:09:49.099  INFO 5712 --- [    Test worker] org.mongodb.driver.cluster               : Adding discovered server localhost:57252 to client view of cluster
2018-05-14 18:09:49.189  INFO 5712 --- [localhost:57252] org.mongodb.driver.connection            : Opened connection [connectionId{localValue:1, serverValue:1}] to localhost:57252
2018-05-14 18:09:49.192  INFO 5712 --- [localhost:57252] org.mongodb.driver.cluster               : Monitor thread successfully connected to server with description ServerDescription{address=localhost:57252, type=STANDALONE, state=CONNECTED, ok=true, version=ServerVersion{versionList=[3, 2, 2]}, minWireVersion=0, maxWireVersion=4, maxDocumentSize=16777216, logicalSessionTimeoutMinutes=null, roundTripTimeNanos=1447856}
2018-05-14 18:09:49.194  INFO 5712 --- [localhost:57252] org.mongodb.driver.cluster               : Discovered cluster type of STANDALONE
2018-05-14 18:09:49.629  INFO 5712 --- [    Test worker] g.s.r.UnitOfMeasureRepositoryIT          : Started UnitOfMeasureRepositoryIT in 2.698 seconds (JVM running for 6.84)
2018-05-14 18:09:49.710  INFO 5712 --- [    Test worker] org.mongodb.driver.connection            : Opened connection [connectionId{localValue:2, serverValue:2}] to localhost:57252
]]></system-out>
  <system-err><![CDATA[]]></system-err>
</testsuite>
